{
  "C:\\Users\\aslag\\Desktop\\Capstone\\Neapolitan\\client\\src\\components\\TopNav.js": {
    "path": "C:\\Users\\aslag\\Desktop\\Capstone\\Neapolitan\\client\\src\\components\\TopNav.js",
    "statementMap": {
      "0": {
        "start": {
          "line": 3,
          "column": 15
        },
        "end": {
          "line": 78,
          "column": 1
        }
      },
      "1": {
        "start": {
          "line": 4,
          "column": 2
        },
        "end": {
          "line": 77,
          "column": 4
        }
      },
      "2": {
        "start": {
          "line": 16,
          "column": 42
        },
        "end": {
          "line": 16,
          "column": 78
        }
      },
      "3": {
        "start": {
          "line": 23,
          "column": 42
        },
        "end": {
          "line": 23,
          "column": 78
        }
      },
      "4": {
        "start": {
          "line": 30,
          "column": 42
        },
        "end": {
          "line": 30,
          "column": 78
        }
      },
      "5": {
        "start": {
          "line": 37,
          "column": 42
        },
        "end": {
          "line": 37,
          "column": 78
        }
      },
      "6": {
        "start": {
          "line": 44,
          "column": 42
        },
        "end": {
          "line": 44,
          "column": 78
        }
      },
      "7": {
        "start": {
          "line": 51,
          "column": 42
        },
        "end": {
          "line": 51,
          "column": 78
        }
      },
      "8": {
        "start": {
          "line": 61,
          "column": 12
        },
        "end": {
          "line": 61,
          "column": 62
        }
      },
      "9": {
        "start": {
          "line": 70,
          "column": 12
        },
        "end": {
          "line": 70,
          "column": 62
        }
      }
    },
    "fnMap": {
      "0": {
        "name": "(anonymous_0)",
        "decl": {
          "start": {
            "line": 3,
            "column": 15
          },
          "end": {
            "line": 3,
            "column": 16
          }
        },
        "loc": {
          "start": {
            "line": 3,
            "column": 21
          },
          "end": {
            "line": 78,
            "column": 1
          }
        },
        "line": 3
      },
      "1": {
        "name": "(anonymous_1)",
        "decl": {
          "start": {
            "line": 16,
            "column": 23
          },
          "end": {
            "line": 16,
            "column": 24
          }
        },
        "loc": {
          "start": {
            "line": 16,
            "column": 42
          },
          "end": {
            "line": 16,
            "column": 78
          }
        },
        "line": 16
      },
      "2": {
        "name": "(anonymous_2)",
        "decl": {
          "start": {
            "line": 23,
            "column": 23
          },
          "end": {
            "line": 23,
            "column": 24
          }
        },
        "loc": {
          "start": {
            "line": 23,
            "column": 42
          },
          "end": {
            "line": 23,
            "column": 78
          }
        },
        "line": 23
      },
      "3": {
        "name": "(anonymous_3)",
        "decl": {
          "start": {
            "line": 30,
            "column": 23
          },
          "end": {
            "line": 30,
            "column": 24
          }
        },
        "loc": {
          "start": {
            "line": 30,
            "column": 42
          },
          "end": {
            "line": 30,
            "column": 78
          }
        },
        "line": 30
      },
      "4": {
        "name": "(anonymous_4)",
        "decl": {
          "start": {
            "line": 37,
            "column": 23
          },
          "end": {
            "line": 37,
            "column": 24
          }
        },
        "loc": {
          "start": {
            "line": 37,
            "column": 42
          },
          "end": {
            "line": 37,
            "column": 78
          }
        },
        "line": 37
      },
      "5": {
        "name": "(anonymous_5)",
        "decl": {
          "start": {
            "line": 44,
            "column": 23
          },
          "end": {
            "line": 44,
            "column": 24
          }
        },
        "loc": {
          "start": {
            "line": 44,
            "column": 42
          },
          "end": {
            "line": 44,
            "column": 78
          }
        },
        "line": 44
      },
      "6": {
        "name": "(anonymous_6)",
        "decl": {
          "start": {
            "line": 51,
            "column": 23
          },
          "end": {
            "line": 51,
            "column": 24
          }
        },
        "loc": {
          "start": {
            "line": 51,
            "column": 42
          },
          "end": {
            "line": 51,
            "column": 78
          }
        },
        "line": 51
      },
      "7": {
        "name": "(anonymous_7)",
        "decl": {
          "start": {
            "line": 60,
            "column": 21
          },
          "end": {
            "line": 60,
            "column": 22
          }
        },
        "loc": {
          "start": {
            "line": 61,
            "column": 12
          },
          "end": {
            "line": 61,
            "column": 62
          }
        },
        "line": 61
      },
      "8": {
        "name": "(anonymous_8)",
        "decl": {
          "start": {
            "line": 69,
            "column": 21
          },
          "end": {
            "line": 69,
            "column": 22
          }
        },
        "loc": {
          "start": {
            "line": 70,
            "column": 12
          },
          "end": {
            "line": 70,
            "column": 62
          }
        },
        "line": 70
      }
    },
    "branchMap": {
      "0": {
        "loc": {
          "start": {
            "line": 16,
            "column": 42
          },
          "end": {
            "line": 16,
            "column": 78
          }
        },
        "type": "cond-expr",
        "locations": [
          {
            "start": {
              "line": 16,
              "column": 53
            },
            "end": {
              "line": 16,
              "column": 73
            }
          },
          {
            "start": {
              "line": 16,
              "column": 76
            },
            "end": {
              "line": 16,
              "column": 78
            }
          }
        ],
        "line": 16
      },
      "1": {
        "loc": {
          "start": {
            "line": 23,
            "column": 42
          },
          "end": {
            "line": 23,
            "column": 78
          }
        },
        "type": "cond-expr",
        "locations": [
          {
            "start": {
              "line": 23,
              "column": 53
            },
            "end": {
              "line": 23,
              "column": 73
            }
          },
          {
            "start": {
              "line": 23,
              "column": 76
            },
            "end": {
              "line": 23,
              "column": 78
            }
          }
        ],
        "line": 23
      },
      "2": {
        "loc": {
          "start": {
            "line": 30,
            "column": 42
          },
          "end": {
            "line": 30,
            "column": 78
          }
        },
        "type": "cond-expr",
        "locations": [
          {
            "start": {
              "line": 30,
              "column": 53
            },
            "end": {
              "line": 30,
              "column": 73
            }
          },
          {
            "start": {
              "line": 30,
              "column": 76
            },
            "end": {
              "line": 30,
              "column": 78
            }
          }
        ],
        "line": 30
      },
      "3": {
        "loc": {
          "start": {
            "line": 37,
            "column": 42
          },
          "end": {
            "line": 37,
            "column": 78
          }
        },
        "type": "cond-expr",
        "locations": [
          {
            "start": {
              "line": 37,
              "column": 53
            },
            "end": {
              "line": 37,
              "column": 73
            }
          },
          {
            "start": {
              "line": 37,
              "column": 76
            },
            "end": {
              "line": 37,
              "column": 78
            }
          }
        ],
        "line": 37
      },
      "4": {
        "loc": {
          "start": {
            "line": 44,
            "column": 42
          },
          "end": {
            "line": 44,
            "column": 78
          }
        },
        "type": "cond-expr",
        "locations": [
          {
            "start": {
              "line": 44,
              "column": 53
            },
            "end": {
              "line": 44,
              "column": 73
            }
          },
          {
            "start": {
              "line": 44,
              "column": 76
            },
            "end": {
              "line": 44,
              "column": 78
            }
          }
        ],
        "line": 44
      },
      "5": {
        "loc": {
          "start": {
            "line": 51,
            "column": 42
          },
          "end": {
            "line": 51,
            "column": 78
          }
        },
        "type": "cond-expr",
        "locations": [
          {
            "start": {
              "line": 51,
              "column": 53
            },
            "end": {
              "line": 51,
              "column": 73
            }
          },
          {
            "start": {
              "line": 51,
              "column": 76
            },
            "end": {
              "line": 51,
              "column": 78
            }
          }
        ],
        "line": 51
      },
      "6": {
        "loc": {
          "start": {
            "line": 61,
            "column": 12
          },
          "end": {
            "line": 61,
            "column": 62
          }
        },
        "type": "cond-expr",
        "locations": [
          {
            "start": {
              "line": 61,
              "column": 23
            },
            "end": {
              "line": 61,
              "column": 47
            }
          },
          {
            "start": {
              "line": 61,
              "column": 50
            },
            "end": {
              "line": 61,
              "column": 62
            }
          }
        ],
        "line": 61
      },
      "7": {
        "loc": {
          "start": {
            "line": 70,
            "column": 12
          },
          "end": {
            "line": 70,
            "column": 62
          }
        },
        "type": "cond-expr",
        "locations": [
          {
            "start": {
              "line": 70,
              "column": 23
            },
            "end": {
              "line": 70,
              "column": 47
            }
          },
          {
            "start": {
              "line": 70,
              "column": 50
            },
            "end": {
              "line": 70,
              "column": 62
            }
          }
        ],
        "line": 70
      }
    },
    "s": {
      "0": 4,
      "1": 4,
      "2": 10,
      "3": 10,
      "4": 10,
      "5": 10,
      "6": 10,
      "7": 10,
      "8": 10,
      "9": 10
    },
    "f": {
      "0": 4,
      "1": 10,
      "2": 10,
      "3": 10,
      "4": 10,
      "5": 10,
      "6": 10,
      "7": 10,
      "8": 10
    },
    "b": {
      "0": [
        6,
        4
      ],
      "1": [
        0,
        10
      ],
      "2": [
        0,
        10
      ],
      "3": [
        0,
        10
      ],
      "4": [
        0,
        10
      ],
      "5": [
        0,
        10
      ],
      "6": [
        0,
        10
      ],
      "7": [
        0,
        10
      ]
    },
    "_coverageSchema": "1a1c01bbd47fc00a2c39e90264f33305004495a9",
    "hash": "acd24b7481798e8f09acee38fabb40be8fba258f"
  },
  "C:\\Users\\aslag\\Desktop\\Capstone\\Neapolitan\\client\\src\\components\\BorrowBase.js": {
    "path": "C:\\Users\\aslag\\Desktop\\Capstone\\Neapolitan\\client\\src\\components\\BorrowBase.js",
    "statementMap": {
      "0": {
        "start": {
          "line": 5,
          "column": 2
        },
        "end": {
          "line": 36,
          "column": 4
        }
      },
      "1": {
        "start": {
          "line": 11,
          "column": 12
        },
        "end": {
          "line": 11,
          "column": 57
        }
      },
      "2": {
        "start": {
          "line": 20,
          "column": 12
        },
        "end": {
          "line": 20,
          "column": 57
        }
      },
      "3": {
        "start": {
          "line": 28,
          "column": 12
        },
        "end": {
          "line": 28,
          "column": 57
        }
      }
    },
    "fnMap": {
      "0": {
        "name": "BorrowBase",
        "decl": {
          "start": {
            "line": 4,
            "column": 24
          },
          "end": {
            "line": 4,
            "column": 34
          }
        },
        "loc": {
          "start": {
            "line": 4,
            "column": 37
          },
          "end": {
            "line": 37,
            "column": 1
          }
        },
        "line": 4
      },
      "1": {
        "name": "(anonymous_1)",
        "decl": {
          "start": {
            "line": 10,
            "column": 21
          },
          "end": {
            "line": 10,
            "column": 22
          }
        },
        "loc": {
          "start": {
            "line": 11,
            "column": 12
          },
          "end": {
            "line": 11,
            "column": 57
          }
        },
        "line": 11
      },
      "2": {
        "name": "(anonymous_2)",
        "decl": {
          "start": {
            "line": 19,
            "column": 21
          },
          "end": {
            "line": 19,
            "column": 22
          }
        },
        "loc": {
          "start": {
            "line": 20,
            "column": 12
          },
          "end": {
            "line": 20,
            "column": 57
          }
        },
        "line": 20
      },
      "3": {
        "name": "(anonymous_3)",
        "decl": {
          "start": {
            "line": 27,
            "column": 21
          },
          "end": {
            "line": 27,
            "column": 22
          }
        },
        "loc": {
          "start": {
            "line": 28,
            "column": 12
          },
          "end": {
            "line": 28,
            "column": 57
          }
        },
        "line": 28
      }
    },
    "branchMap": {
      "0": {
        "loc": {
          "start": {
            "line": 11,
            "column": 12
          },
          "end": {
            "line": 11,
            "column": 57
          }
        },
        "type": "cond-expr",
        "locations": [
          {
            "start": {
              "line": 11,
              "column": 23
            },
            "end": {
              "line": 11,
              "column": 52
            }
          },
          {
            "start": {
              "line": 11,
              "column": 55
            },
            "end": {
              "line": 11,
              "column": 57
            }
          }
        ],
        "line": 11
      },
      "1": {
        "loc": {
          "start": {
            "line": 20,
            "column": 12
          },
          "end": {
            "line": 20,
            "column": 57
          }
        },
        "type": "cond-expr",
        "locations": [
          {
            "start": {
              "line": 20,
              "column": 23
            },
            "end": {
              "line": 20,
              "column": 52
            }
          },
          {
            "start": {
              "line": 20,
              "column": 55
            },
            "end": {
              "line": 20,
              "column": 57
            }
          }
        ],
        "line": 20
      },
      "2": {
        "loc": {
          "start": {
            "line": 28,
            "column": 12
          },
          "end": {
            "line": 28,
            "column": 57
          }
        },
        "type": "cond-expr",
        "locations": [
          {
            "start": {
              "line": 28,
              "column": 23
            },
            "end": {
              "line": 28,
              "column": 52
            }
          },
          {
            "start": {
              "line": 28,
              "column": 55
            },
            "end": {
              "line": 28,
              "column": 57
            }
          }
        ],
        "line": 28
      }
    },
    "s": {
      "0": 3,
      "1": 6,
      "2": 6,
      "3": 6
    },
    "f": {
      "0": 3,
      "1": 6,
      "2": 6,
      "3": 6
    },
    "b": {
      "0": [
        3,
        3
      ],
      "1": [
        0,
        6
      ],
      "2": [
        0,
        6
      ]
    },
    "_coverageSchema": "1a1c01bbd47fc00a2c39e90264f33305004495a9",
    "hash": "e46c66814f262c3936f53d8d1eb85b326e8f372f"
  },
  "C:\\Users\\aslag\\Desktop\\Capstone\\Neapolitan\\client\\src\\components\\Transactions.js": {
    "path": "C:\\Users\\aslag\\Desktop\\Capstone\\Neapolitan\\client\\src\\components\\Transactions.js",
    "statementMap": {
      "0": {
        "start": {
          "line": 5,
          "column": 2
        },
        "end": {
          "line": 54,
          "column": 4
        }
      },
      "1": {
        "start": {
          "line": 11,
          "column": 12
        },
        "end": {
          "line": 11,
          "column": 58
        }
      },
      "2": {
        "start": {
          "line": 20,
          "column": 12
        },
        "end": {
          "line": 20,
          "column": 58
        }
      },
      "3": {
        "start": {
          "line": 28,
          "column": 12
        },
        "end": {
          "line": 28,
          "column": 58
        }
      },
      "4": {
        "start": {
          "line": 37,
          "column": 12
        },
        "end": {
          "line": 37,
          "column": 58
        }
      },
      "5": {
        "start": {
          "line": 46,
          "column": 12
        },
        "end": {
          "line": 46,
          "column": 58
        }
      }
    },
    "fnMap": {
      "0": {
        "name": "Transactions",
        "decl": {
          "start": {
            "line": 4,
            "column": 24
          },
          "end": {
            "line": 4,
            "column": 36
          }
        },
        "loc": {
          "start": {
            "line": 4,
            "column": 39
          },
          "end": {
            "line": 55,
            "column": 1
          }
        },
        "line": 4
      },
      "1": {
        "name": "(anonymous_1)",
        "decl": {
          "start": {
            "line": 10,
            "column": 21
          },
          "end": {
            "line": 10,
            "column": 22
          }
        },
        "loc": {
          "start": {
            "line": 11,
            "column": 12
          },
          "end": {
            "line": 11,
            "column": 58
          }
        },
        "line": 11
      },
      "2": {
        "name": "(anonymous_2)",
        "decl": {
          "start": {
            "line": 19,
            "column": 21
          },
          "end": {
            "line": 19,
            "column": 22
          }
        },
        "loc": {
          "start": {
            "line": 20,
            "column": 12
          },
          "end": {
            "line": 20,
            "column": 58
          }
        },
        "line": 20
      },
      "3": {
        "name": "(anonymous_3)",
        "decl": {
          "start": {
            "line": 27,
            "column": 21
          },
          "end": {
            "line": 27,
            "column": 22
          }
        },
        "loc": {
          "start": {
            "line": 28,
            "column": 12
          },
          "end": {
            "line": 28,
            "column": 58
          }
        },
        "line": 28
      },
      "4": {
        "name": "(anonymous_4)",
        "decl": {
          "start": {
            "line": 36,
            "column": 21
          },
          "end": {
            "line": 36,
            "column": 22
          }
        },
        "loc": {
          "start": {
            "line": 37,
            "column": 12
          },
          "end": {
            "line": 37,
            "column": 58
          }
        },
        "line": 37
      },
      "5": {
        "name": "(anonymous_5)",
        "decl": {
          "start": {
            "line": 45,
            "column": 21
          },
          "end": {
            "line": 45,
            "column": 22
          }
        },
        "loc": {
          "start": {
            "line": 46,
            "column": 12
          },
          "end": {
            "line": 46,
            "column": 58
          }
        },
        "line": 46
      }
    },
    "branchMap": {
      "0": {
        "loc": {
          "start": {
            "line": 11,
            "column": 12
          },
          "end": {
            "line": 11,
            "column": 58
          }
        },
        "type": "cond-expr",
        "locations": [
          {
            "start": {
              "line": 11,
              "column": 23
            },
            "end": {
              "line": 11,
              "column": 53
            }
          },
          {
            "start": {
              "line": 11,
              "column": 56
            },
            "end": {
              "line": 11,
              "column": 58
            }
          }
        ],
        "line": 11
      },
      "1": {
        "loc": {
          "start": {
            "line": 20,
            "column": 12
          },
          "end": {
            "line": 20,
            "column": 58
          }
        },
        "type": "cond-expr",
        "locations": [
          {
            "start": {
              "line": 20,
              "column": 23
            },
            "end": {
              "line": 20,
              "column": 53
            }
          },
          {
            "start": {
              "line": 20,
              "column": 56
            },
            "end": {
              "line": 20,
              "column": 58
            }
          }
        ],
        "line": 20
      },
      "2": {
        "loc": {
          "start": {
            "line": 28,
            "column": 12
          },
          "end": {
            "line": 28,
            "column": 58
          }
        },
        "type": "cond-expr",
        "locations": [
          {
            "start": {
              "line": 28,
              "column": 23
            },
            "end": {
              "line": 28,
              "column": 53
            }
          },
          {
            "start": {
              "line": 28,
              "column": 56
            },
            "end": {
              "line": 28,
              "column": 58
            }
          }
        ],
        "line": 28
      },
      "3": {
        "loc": {
          "start": {
            "line": 37,
            "column": 12
          },
          "end": {
            "line": 37,
            "column": 58
          }
        },
        "type": "cond-expr",
        "locations": [
          {
            "start": {
              "line": 37,
              "column": 23
            },
            "end": {
              "line": 37,
              "column": 53
            }
          },
          {
            "start": {
              "line": 37,
              "column": 56
            },
            "end": {
              "line": 37,
              "column": 58
            }
          }
        ],
        "line": 37
      },
      "4": {
        "loc": {
          "start": {
            "line": 46,
            "column": 12
          },
          "end": {
            "line": 46,
            "column": 58
          }
        },
        "type": "cond-expr",
        "locations": [
          {
            "start": {
              "line": 46,
              "column": 23
            },
            "end": {
              "line": 46,
              "column": 53
            }
          },
          {
            "start": {
              "line": 46,
              "column": 56
            },
            "end": {
              "line": 46,
              "column": 58
            }
          }
        ],
        "line": 46
      }
    },
    "s": {
      "0": 0,
      "1": 0,
      "2": 0,
      "3": 0,
      "4": 0,
      "5": 0
    },
    "f": {
      "0": 0,
      "1": 0,
      "2": 0,
      "3": 0,
      "4": 0,
      "5": 0
    },
    "b": {
      "0": [
        0,
        0
      ],
      "1": [
        0,
        0
      ],
      "2": [
        0,
        0
      ],
      "3": [
        0,
        0
      ],
      "4": [
        0,
        0
      ]
    },
    "_coverageSchema": "1a1c01bbd47fc00a2c39e90264f33305004495a9",
    "hash": "d4847151a8832cfdcb6f557ac07b859a9c10711b"
  },
  "C:\\Users\\aslag\\Desktop\\Capstone\\Neapolitan\\client\\src\\components\\Performance.js": {
    "path": "C:\\Users\\aslag\\Desktop\\Capstone\\Neapolitan\\client\\src\\components\\Performance.js",
    "statementMap": {
      "0": {
        "start": {
          "line": 1,
          "column": 20
        },
        "end": {
          "line": 7,
          "column": 1
        }
      },
      "1": {
        "start": {
          "line": 2,
          "column": 2
        },
        "end": {
          "line": 6,
          "column": 4
        }
      }
    },
    "fnMap": {
      "0": {
        "name": "(anonymous_0)",
        "decl": {
          "start": {
            "line": 1,
            "column": 20
          },
          "end": {
            "line": 1,
            "column": 21
          }
        },
        "loc": {
          "start": {
            "line": 1,
            "column": 26
          },
          "end": {
            "line": 7,
            "column": 1
          }
        },
        "line": 1
      }
    },
    "branchMap": {},
    "s": {
      "0": 4,
      "1": 0
    },
    "f": {
      "0": 0
    },
    "b": {},
    "_coverageSchema": "1a1c01bbd47fc00a2c39e90264f33305004495a9",
    "hash": "28dd97b0781baffffcf132ac99227eb36707552a"
  },
  "C:\\Users\\aslag\\Desktop\\Capstone\\Neapolitan\\client\\src\\components\\Reporting.js": {
    "path": "C:\\Users\\aslag\\Desktop\\Capstone\\Neapolitan\\client\\src\\components\\Reporting.js",
    "statementMap": {
      "0": {
        "start": {
          "line": 1,
          "column": 18
        },
        "end": {
          "line": 7,
          "column": 1
        }
      },
      "1": {
        "start": {
          "line": 2,
          "column": 2
        },
        "end": {
          "line": 6,
          "column": 4
        }
      }
    },
    "fnMap": {
      "0": {
        "name": "(anonymous_0)",
        "decl": {
          "start": {
            "line": 1,
            "column": 18
          },
          "end": {
            "line": 1,
            "column": 19
          }
        },
        "loc": {
          "start": {
            "line": 1,
            "column": 24
          },
          "end": {
            "line": 7,
            "column": 1
          }
        },
        "line": 1
      }
    },
    "branchMap": {},
    "s": {
      "0": 4,
      "1": 0
    },
    "f": {
      "0": 0
    },
    "b": {},
    "_coverageSchema": "1a1c01bbd47fc00a2c39e90264f33305004495a9",
    "hash": "74ecfa1e003ff6a8cf15f2bb3bdc8c6b25ea9ad6"
  },
  "C:\\Users\\aslag\\Desktop\\Capstone\\Neapolitan\\client\\src\\components\\Dashboard.js": {
    "path": "C:\\Users\\aslag\\Desktop\\Capstone\\Neapolitan\\client\\src\\components\\Dashboard.js",
    "statementMap": {
      "0": {
        "start": {
          "line": 1,
          "column": 18
        },
        "end": {
          "line": 7,
          "column": 1
        }
      },
      "1": {
        "start": {
          "line": 2,
          "column": 2
        },
        "end": {
          "line": 6,
          "column": 4
        }
      }
    },
    "fnMap": {
      "0": {
        "name": "(anonymous_0)",
        "decl": {
          "start": {
            "line": 1,
            "column": 18
          },
          "end": {
            "line": 1,
            "column": 19
          }
        },
        "loc": {
          "start": {
            "line": 1,
            "column": 24
          },
          "end": {
            "line": 7,
            "column": 1
          }
        },
        "line": 1
      }
    },
    "branchMap": {},
    "s": {
      "0": 4,
      "1": 0
    },
    "f": {
      "0": 0
    },
    "b": {},
    "_coverageSchema": "1a1c01bbd47fc00a2c39e90264f33305004495a9",
    "hash": "51efc75a66833540d24f006ff26a4ff4eebc77c4"
  },
  "C:\\Users\\aslag\\Desktop\\Capstone\\Neapolitan\\client\\src\\components\\Configuration.js": {
    "path": "C:\\Users\\aslag\\Desktop\\Capstone\\Neapolitan\\client\\src\\components\\Configuration.js",
    "statementMap": {
      "0": {
        "start": {
          "line": 5,
          "column": 2
        },
        "end": {
          "line": 36,
          "column": 4
        }
      },
      "1": {
        "start": {
          "line": 11,
          "column": 12
        },
        "end": {
          "line": 11,
          "column": 52
        }
      },
      "2": {
        "start": {
          "line": 20,
          "column": 12
        },
        "end": {
          "line": 20,
          "column": 52
        }
      },
      "3": {
        "start": {
          "line": 28,
          "column": 12
        },
        "end": {
          "line": 28,
          "column": 52
        }
      }
    },
    "fnMap": {
      "0": {
        "name": "Configuration",
        "decl": {
          "start": {
            "line": 4,
            "column": 24
          },
          "end": {
            "line": 4,
            "column": 37
          }
        },
        "loc": {
          "start": {
            "line": 4,
            "column": 40
          },
          "end": {
            "line": 37,
            "column": 1
          }
        },
        "line": 4
      },
      "1": {
        "name": "(anonymous_1)",
        "decl": {
          "start": {
            "line": 10,
            "column": 21
          },
          "end": {
            "line": 10,
            "column": 22
          }
        },
        "loc": {
          "start": {
            "line": 11,
            "column": 12
          },
          "end": {
            "line": 11,
            "column": 52
          }
        },
        "line": 11
      },
      "2": {
        "name": "(anonymous_2)",
        "decl": {
          "start": {
            "line": 19,
            "column": 21
          },
          "end": {
            "line": 19,
            "column": 22
          }
        },
        "loc": {
          "start": {
            "line": 20,
            "column": 12
          },
          "end": {
            "line": 20,
            "column": 52
          }
        },
        "line": 20
      },
      "3": {
        "name": "(anonymous_3)",
        "decl": {
          "start": {
            "line": 27,
            "column": 21
          },
          "end": {
            "line": 27,
            "column": 22
          }
        },
        "loc": {
          "start": {
            "line": 28,
            "column": 12
          },
          "end": {
            "line": 28,
            "column": 52
          }
        },
        "line": 28
      }
    },
    "branchMap": {
      "0": {
        "loc": {
          "start": {
            "line": 11,
            "column": 12
          },
          "end": {
            "line": 11,
            "column": 52
          }
        },
        "type": "cond-expr",
        "locations": [
          {
            "start": {
              "line": 11,
              "column": 23
            },
            "end": {
              "line": 11,
              "column": 47
            }
          },
          {
            "start": {
              "line": 11,
              "column": 50
            },
            "end": {
              "line": 11,
              "column": 52
            }
          }
        ],
        "line": 11
      },
      "1": {
        "loc": {
          "start": {
            "line": 20,
            "column": 12
          },
          "end": {
            "line": 20,
            "column": 52
          }
        },
        "type": "cond-expr",
        "locations": [
          {
            "start": {
              "line": 20,
              "column": 23
            },
            "end": {
              "line": 20,
              "column": 47
            }
          },
          {
            "start": {
              "line": 20,
              "column": 50
            },
            "end": {
              "line": 20,
              "column": 52
            }
          }
        ],
        "line": 20
      },
      "2": {
        "loc": {
          "start": {
            "line": 28,
            "column": 12
          },
          "end": {
            "line": 28,
            "column": 52
          }
        },
        "type": "cond-expr",
        "locations": [
          {
            "start": {
              "line": 28,
              "column": 23
            },
            "end": {
              "line": 28,
              "column": 47
            }
          },
          {
            "start": {
              "line": 28,
              "column": 50
            },
            "end": {
              "line": 28,
              "column": 52
            }
          }
        ],
        "line": 28
      }
    },
    "s": {
      "0": 0,
      "1": 0,
      "2": 0,
      "3": 0
    },
    "f": {
      "0": 0,
      "1": 0,
      "2": 0,
      "3": 0
    },
    "b": {
      "0": [
        0,
        0
      ],
      "1": [
        0,
        0
      ],
      "2": [
        0,
        0
      ]
    },
    "_coverageSchema": "1a1c01bbd47fc00a2c39e90264f33305004495a9",
    "hash": "96dc1b68c6ea3020f76167e136b0ce27ef13bd29"
  },
  "C:\\Users\\aslag\\Desktop\\Capstone\\Neapolitan\\client\\src\\components\\ConfigFacility.js": {
    "path": "C:\\Users\\aslag\\Desktop\\Capstone\\Neapolitan\\client\\src\\components\\ConfigFacility.js",
    "statementMap": {
      "0": {
        "start": {
          "line": 5,
          "column": 2
        },
        "end": {
          "line": 36,
          "column": 4
        }
      },
      "1": {
        "start": {
          "line": 11,
          "column": 12
        },
        "end": {
          "line": 11,
          "column": 61
        }
      },
      "2": {
        "start": {
          "line": 20,
          "column": 12
        },
        "end": {
          "line": 20,
          "column": 61
        }
      },
      "3": {
        "start": {
          "line": 28,
          "column": 12
        },
        "end": {
          "line": 28,
          "column": 61
        }
      }
    },
    "fnMap": {
      "0": {
        "name": "ConfigFacility",
        "decl": {
          "start": {
            "line": 4,
            "column": 24
          },
          "end": {
            "line": 4,
            "column": 38
          }
        },
        "loc": {
          "start": {
            "line": 4,
            "column": 41
          },
          "end": {
            "line": 37,
            "column": 1
          }
        },
        "line": 4
      },
      "1": {
        "name": "(anonymous_1)",
        "decl": {
          "start": {
            "line": 10,
            "column": 21
          },
          "end": {
            "line": 10,
            "column": 22
          }
        },
        "loc": {
          "start": {
            "line": 11,
            "column": 12
          },
          "end": {
            "line": 11,
            "column": 61
          }
        },
        "line": 11
      },
      "2": {
        "name": "(anonymous_2)",
        "decl": {
          "start": {
            "line": 19,
            "column": 21
          },
          "end": {
            "line": 19,
            "column": 22
          }
        },
        "loc": {
          "start": {
            "line": 20,
            "column": 12
          },
          "end": {
            "line": 20,
            "column": 61
          }
        },
        "line": 20
      },
      "3": {
        "name": "(anonymous_3)",
        "decl": {
          "start": {
            "line": 27,
            "column": 21
          },
          "end": {
            "line": 27,
            "column": 22
          }
        },
        "loc": {
          "start": {
            "line": 28,
            "column": 12
          },
          "end": {
            "line": 28,
            "column": 61
          }
        },
        "line": 28
      }
    },
    "branchMap": {
      "0": {
        "loc": {
          "start": {
            "line": 11,
            "column": 12
          },
          "end": {
            "line": 11,
            "column": 61
          }
        },
        "type": "cond-expr",
        "locations": [
          {
            "start": {
              "line": 11,
              "column": 23
            },
            "end": {
              "line": 11,
              "column": 56
            }
          },
          {
            "start": {
              "line": 11,
              "column": 59
            },
            "end": {
              "line": 11,
              "column": 61
            }
          }
        ],
        "line": 11
      },
      "1": {
        "loc": {
          "start": {
            "line": 20,
            "column": 12
          },
          "end": {
            "line": 20,
            "column": 61
          }
        },
        "type": "cond-expr",
        "locations": [
          {
            "start": {
              "line": 20,
              "column": 23
            },
            "end": {
              "line": 20,
              "column": 56
            }
          },
          {
            "start": {
              "line": 20,
              "column": 59
            },
            "end": {
              "line": 20,
              "column": 61
            }
          }
        ],
        "line": 20
      },
      "2": {
        "loc": {
          "start": {
            "line": 28,
            "column": 12
          },
          "end": {
            "line": 28,
            "column": 61
          }
        },
        "type": "cond-expr",
        "locations": [
          {
            "start": {
              "line": 28,
              "column": 23
            },
            "end": {
              "line": 28,
              "column": 56
            }
          },
          {
            "start": {
              "line": 28,
              "column": 59
            },
            "end": {
              "line": 28,
              "column": 61
            }
          }
        ],
        "line": 28
      }
    },
    "s": {
      "0": 0,
      "1": 0,
      "2": 0,
      "3": 0
    },
    "f": {
      "0": 0,
      "1": 0,
      "2": 0,
      "3": 0
    },
    "b": {
      "0": [
        0,
        0
      ],
      "1": [
        0,
        0
      ],
      "2": [
        0,
        0
      ]
    },
    "_coverageSchema": "1a1c01bbd47fc00a2c39e90264f33305004495a9",
    "hash": "16f3ae24a5fe6fc8663b0e45a4a6c6ad520053d3"
  },
  "C:\\Users\\aslag\\Desktop\\Capstone\\Neapolitan\\client\\src\\components\\ConfigBank.js": {
    "path": "C:\\Users\\aslag\\Desktop\\Capstone\\Neapolitan\\client\\src\\components\\ConfigBank.js",
    "statementMap": {
      "0": {
        "start": {
          "line": 1,
          "column": 19
        },
        "end": {
          "line": 7,
          "column": 1
        }
      },
      "1": {
        "start": {
          "line": 2,
          "column": 2
        },
        "end": {
          "line": 6,
          "column": 4
        }
      }
    },
    "fnMap": {
      "0": {
        "name": "(anonymous_0)",
        "decl": {
          "start": {
            "line": 1,
            "column": 19
          },
          "end": {
            "line": 1,
            "column": 20
          }
        },
        "loc": {
          "start": {
            "line": 1,
            "column": 25
          },
          "end": {
            "line": 7,
            "column": 1
          }
        },
        "line": 1
      }
    },
    "branchMap": {},
    "s": {
      "0": 4,
      "1": 0
    },
    "f": {
      "0": 0
    },
    "b": {},
    "_coverageSchema": "1a1c01bbd47fc00a2c39e90264f33305004495a9",
    "hash": "12ea38b4449cc8954873337458078bbaf0b334b6"
  },
  "C:\\Users\\aslag\\Desktop\\Capstone\\Neapolitan\\client\\src\\components\\ConfigPortfolio.js": {
    "path": "C:\\Users\\aslag\\Desktop\\Capstone\\Neapolitan\\client\\src\\components\\ConfigPortfolio.js",
    "statementMap": {
      "0": {
        "start": {
          "line": 1,
          "column": 24
        },
        "end": {
          "line": 7,
          "column": 1
        }
      },
      "1": {
        "start": {
          "line": 2,
          "column": 2
        },
        "end": {
          "line": 6,
          "column": 4
        }
      }
    },
    "fnMap": {
      "0": {
        "name": "(anonymous_0)",
        "decl": {
          "start": {
            "line": 1,
            "column": 24
          },
          "end": {
            "line": 1,
            "column": 25
          }
        },
        "loc": {
          "start": {
            "line": 1,
            "column": 30
          },
          "end": {
            "line": 7,
            "column": 1
          }
        },
        "line": 1
      }
    },
    "branchMap": {},
    "s": {
      "0": 4,
      "1": 0
    },
    "f": {
      "0": 0
    },
    "b": {},
    "_coverageSchema": "1a1c01bbd47fc00a2c39e90264f33305004495a9",
    "hash": "08f15440cbfb112303383ce19592c56a67dff250"
  },
  "C:\\Users\\aslag\\Desktop\\Capstone\\Neapolitan\\client\\src\\components\\DebtFacilityCreate.js": {
    "path": "C:\\Users\\aslag\\Desktop\\Capstone\\Neapolitan\\client\\src\\components\\DebtFacilityCreate.js",
    "statementMap": {
      "0": {
        "start": {
          "line": 17,
          "column": 38
        },
        "end": {
          "line": 17,
          "column": 50
        }
      },
      "1": {
        "start": {
          "line": 18,
          "column": 44
        },
        "end": {
          "line": 18,
          "column": 56
        }
      },
      "2": {
        "start": {
          "line": 19,
          "column": 46
        },
        "end": {
          "line": 19,
          "column": 60
        }
      },
      "3": {
        "start": {
          "line": 20,
          "column": 50
        },
        "end": {
          "line": 20,
          "column": 64
        }
      },
      "4": {
        "start": {
          "line": 21,
          "column": 52
        },
        "end": {
          "line": 21,
          "column": 66
        }
      },
      "5": {
        "start": {
          "line": 22,
          "column": 56
        },
        "end": {
          "line": 22,
          "column": 70
        }
      },
      "6": {
        "start": {
          "line": 23,
          "column": 42
        },
        "end": {
          "line": 23,
          "column": 54
        }
      },
      "7": {
        "start": {
          "line": 24,
          "column": 46
        },
        "end": {
          "line": 24,
          "column": 58
        }
      },
      "8": {
        "start": {
          "line": 25,
          "column": 42
        },
        "end": {
          "line": 25,
          "column": 54
        }
      },
      "9": {
        "start": {
          "line": 26,
          "column": 50
        },
        "end": {
          "line": 26,
          "column": 64
        }
      },
      "10": {
        "start": {
          "line": 27,
          "column": 44
        },
        "end": {
          "line": 27,
          "column": 59
        }
      },
      "11": {
        "start": {
          "line": 28,
          "column": 46
        },
        "end": {
          "line": 28,
          "column": 60
        }
      },
      "12": {
        "start": {
          "line": 29,
          "column": 54
        },
        "end": {
          "line": 29,
          "column": 69
        }
      },
      "13": {
        "start": {
          "line": 30,
          "column": 44
        },
        "end": {
          "line": 30,
          "column": 58
        }
      },
      "14": {
        "start": {
          "line": 31,
          "column": 46
        },
        "end": {
          "line": 31,
          "column": 60
        }
      },
      "15": {
        "start": {
          "line": 32,
          "column": 44
        },
        "end": {
          "line": 32,
          "column": 58
        }
      },
      "16": {
        "start": {
          "line": 33,
          "column": 48
        },
        "end": {
          "line": 33,
          "column": 63
        }
      },
      "17": {
        "start": {
          "line": 34,
          "column": 44
        },
        "end": {
          "line": 34,
          "column": 58
        }
      },
      "18": {
        "start": {
          "line": 35,
          "column": 32
        },
        "end": {
          "line": 35,
          "column": 44
        }
      },
      "19": {
        "start": {
          "line": 40,
          "column": 2
        },
        "end": {
          "line": 53,
          "column": 9
        }
      },
      "20": {
        "start": {
          "line": 42,
          "column": 6
        },
        "end": {
          "line": 49,
          "column": 7
        }
      },
      "21": {
        "start": {
          "line": 43,
          "column": 33
        },
        "end": {
          "line": 45,
          "column": 9
        }
      },
      "22": {
        "start": {
          "line": 46,
          "column": 8
        },
        "end": {
          "line": 46,
          "column": 45
        }
      },
      "23": {
        "start": {
          "line": 48,
          "column": 8
        },
        "end": {
          "line": 48,
          "column": 40
        }
      },
      "24": {
        "start": {
          "line": 52,
          "column": 4
        },
        "end": {
          "line": 52,
          "column": 20
        }
      },
      "25": {
        "start": {
          "line": 58,
          "column": 2
        },
        "end": {
          "line": 71,
          "column": 9
        }
      },
      "26": {
        "start": {
          "line": 60,
          "column": 6
        },
        "end": {
          "line": 67,
          "column": 7
        }
      },
      "27": {
        "start": {
          "line": 61,
          "column": 33
        },
        "end": {
          "line": 63,
          "column": 9
        }
      },
      "28": {
        "start": {
          "line": 64,
          "column": 8
        },
        "end": {
          "line": 64,
          "column": 48
        }
      },
      "29": {
        "start": {
          "line": 66,
          "column": 8
        },
        "end": {
          "line": 66,
          "column": 40
        }
      },
      "30": {
        "start": {
          "line": 70,
          "column": 4
        },
        "end": {
          "line": 70,
          "column": 23
        }
      },
      "31": {
        "start": {
          "line": 76,
          "column": 2
        },
        "end": {
          "line": 79,
          "column": 23
        }
      },
      "32": {
        "start": {
          "line": 77,
          "column": 4
        },
        "end": {
          "line": 77,
          "column": 32
        }
      },
      "33": {
        "start": {
          "line": 77,
          "column": 25
        },
        "end": {
          "line": 77,
          "column": 32
        }
      },
      "34": {
        "start": {
          "line": 78,
          "column": 4
        },
        "end": {
          "line": 78,
          "column": 50
        }
      },
      "35": {
        "start": {
          "line": 84,
          "column": 2
        },
        "end": {
          "line": 87,
          "column": 26
        }
      },
      "36": {
        "start": {
          "line": 85,
          "column": 4
        },
        "end": {
          "line": 85,
          "column": 35
        }
      },
      "37": {
        "start": {
          "line": 85,
          "column": 28
        },
        "end": {
          "line": 85,
          "column": 35
        }
      },
      "38": {
        "start": {
          "line": 86,
          "column": 4
        },
        "end": {
          "line": 86,
          "column": 59
        }
      },
      "39": {
        "start": {
          "line": 90,
          "column": 4
        },
        "end": {
          "line": 116,
          "column": 5
        }
      },
      "40": {
        "start": {
          "line": 91,
          "column": 23
        },
        "end": {
          "line": 109,
          "column": 7
        }
      },
      "41": {
        "start": {
          "line": 110,
          "column": 6
        },
        "end": {
          "line": 113,
          "column": 7
        }
      },
      "42": {
        "start": {
          "line": 111,
          "column": 8
        },
        "end": {
          "line": 111,
          "column": 20
        }
      },
      "43": {
        "start": {
          "line": 112,
          "column": 8
        },
        "end": {
          "line": 112,
          "column": 52
        }
      },
      "44": {
        "start": {
          "line": 115,
          "column": 6
        },
        "end": {
          "line": 115,
          "column": 62
        }
      },
      "45": {
        "start": {
          "line": 120,
          "column": 4
        },
        "end": {
          "line": 120,
          "column": 28
        }
      },
      "46": {
        "start": {
          "line": 121,
          "column": 4
        },
        "end": {
          "line": 121,
          "column": 31
        }
      },
      "47": {
        "start": {
          "line": 122,
          "column": 4
        },
        "end": {
          "line": 122,
          "column": 24
        }
      },
      "48": {
        "start": {
          "line": 123,
          "column": 4
        },
        "end": {
          "line": 123,
          "column": 26
        }
      },
      "49": {
        "start": {
          "line": 124,
          "column": 4
        },
        "end": {
          "line": 124,
          "column": 24
        }
      },
      "50": {
        "start": {
          "line": 125,
          "column": 4
        },
        "end": {
          "line": 125,
          "column": 28
        }
      },
      "51": {
        "start": {
          "line": 126,
          "column": 4
        },
        "end": {
          "line": 126,
          "column": 28
        }
      },
      "52": {
        "start": {
          "line": 127,
          "column": 4
        },
        "end": {
          "line": 127,
          "column": 26
        }
      },
      "53": {
        "start": {
          "line": 128,
          "column": 4
        },
        "end": {
          "line": 128,
          "column": 30
        }
      },
      "54": {
        "start": {
          "line": 129,
          "column": 4
        },
        "end": {
          "line": 129,
          "column": 25
        }
      },
      "55": {
        "start": {
          "line": 130,
          "column": 4
        },
        "end": {
          "line": 130,
          "column": 26
        }
      },
      "56": {
        "start": {
          "line": 131,
          "column": 4
        },
        "end": {
          "line": 131,
          "column": 25
        }
      },
      "57": {
        "start": {
          "line": 132,
          "column": 4
        },
        "end": {
          "line": 132,
          "column": 30
        }
      },
      "58": {
        "start": {
          "line": 133,
          "column": 4
        },
        "end": {
          "line": 133,
          "column": 25
        }
      },
      "59": {
        "start": {
          "line": 134,
          "column": 4
        },
        "end": {
          "line": 134,
          "column": 19
        }
      },
      "60": {
        "start": {
          "line": 137,
          "column": 2
        },
        "end": {
          "line": 456,
          "column": 4
        }
      },
      "61": {
        "start": {
          "line": 157,
          "column": 35
        },
        "end": {
          "line": 157,
          "column": 70
        }
      },
      "62": {
        "start": {
          "line": 173,
          "column": 45
        },
        "end": {
          "line": 173,
          "column": 72
        }
      },
      "63": {
        "start": {
          "line": 174,
          "column": 42
        },
        "end": {
          "line": 174,
          "column": 66
        }
      },
      "64": {
        "start": {
          "line": 176,
          "column": 16
        },
        "end": {
          "line": 176,
          "column": 61
        }
      },
      "65": {
        "start": {
          "line": 190,
          "column": 45
        },
        "end": {
          "line": 190,
          "column": 75
        }
      },
      "66": {
        "start": {
          "line": 191,
          "column": 42
        },
        "end": {
          "line": 191,
          "column": 69
        }
      },
      "67": {
        "start": {
          "line": 193,
          "column": 16
        },
        "end": {
          "line": 193,
          "column": 64
        }
      },
      "68": {
        "start": {
          "line": 206,
          "column": 18
        },
        "end": {
          "line": 208,
          "column": 20
        }
      },
      "69": {
        "start": {
          "line": 226,
          "column": 18
        },
        "end": {
          "line": 226,
          "column": 79
        }
      },
      "70": {
        "start": {
          "line": 245,
          "column": 40
        },
        "end": {
          "line": 245,
          "column": 77
        }
      },
      "71": {
        "start": {
          "line": 272,
          "column": 35
        },
        "end": {
          "line": 272,
          "column": 69
        }
      },
      "72": {
        "start": {
          "line": 289,
          "column": 38
        },
        "end": {
          "line": 289,
          "column": 73
        }
      },
      "73": {
        "start": {
          "line": 315,
          "column": 35
        },
        "end": {
          "line": 315,
          "column": 74
        }
      },
      "74": {
        "start": {
          "line": 334,
          "column": 40
        },
        "end": {
          "line": 334,
          "column": 74
        }
      },
      "75": {
        "start": {
          "line": 349,
          "column": 40
        },
        "end": {
          "line": 349,
          "column": 75
        }
      },
      "76": {
        "start": {
          "line": 364,
          "column": 40
        },
        "end": {
          "line": 364,
          "column": 74
        }
      },
      "77": {
        "start": {
          "line": 391,
          "column": 35
        },
        "end": {
          "line": 391,
          "column": 71
        }
      },
      "78": {
        "start": {
          "line": 408,
          "column": 38
        },
        "end": {
          "line": 408,
          "column": 72
        }
      }
    },
    "fnMap": {
      "0": {
        "name": "DebtFacilityCreate",
        "decl": {
          "start": {
            "line": 16,
            "column": 9
          },
          "end": {
            "line": 16,
            "column": 27
          }
        },
        "loc": {
          "start": {
            "line": 16,
            "column": 30
          },
          "end": {
            "line": 457,
            "column": 1
          }
        },
        "line": 16
      },
      "1": {
        "name": "(anonymous_1)",
        "decl": {
          "start": {
            "line": 40,
            "column": 12
          },
          "end": {
            "line": 40,
            "column": 13
          }
        },
        "loc": {
          "start": {
            "line": 40,
            "column": 18
          },
          "end": {
            "line": 53,
            "column": 3
          }
        },
        "line": 40
      },
      "2": {
        "name": "getLenderData",
        "decl": {
          "start": {
            "line": 41,
            "column": 19
          },
          "end": {
            "line": 41,
            "column": 32
          }
        },
        "loc": {
          "start": {
            "line": 41,
            "column": 35
          },
          "end": {
            "line": 50,
            "column": 5
          }
        },
        "line": 41
      },
      "3": {
        "name": "(anonymous_3)",
        "decl": {
          "start": {
            "line": 58,
            "column": 12
          },
          "end": {
            "line": 58,
            "column": 13
          }
        },
        "loc": {
          "start": {
            "line": 58,
            "column": 18
          },
          "end": {
            "line": 71,
            "column": 3
          }
        },
        "line": 58
      },
      "4": {
        "name": "getPortfolioData",
        "decl": {
          "start": {
            "line": 59,
            "column": 19
          },
          "end": {
            "line": 59,
            "column": 35
          }
        },
        "loc": {
          "start": {
            "line": 59,
            "column": 38
          },
          "end": {
            "line": 68,
            "column": 5
          }
        },
        "line": 59
      },
      "5": {
        "name": "(anonymous_5)",
        "decl": {
          "start": {
            "line": 76,
            "column": 12
          },
          "end": {
            "line": 76,
            "column": 13
          }
        },
        "loc": {
          "start": {
            "line": 76,
            "column": 18
          },
          "end": {
            "line": 79,
            "column": 3
          }
        },
        "line": 76
      },
      "6": {
        "name": "(anonymous_6)",
        "decl": {
          "start": {
            "line": 84,
            "column": 12
          },
          "end": {
            "line": 84,
            "column": 13
          }
        },
        "loc": {
          "start": {
            "line": 84,
            "column": 18
          },
          "end": {
            "line": 87,
            "column": 3
          }
        },
        "line": 84
      },
      "7": {
        "name": "postFacility",
        "decl": {
          "start": {
            "line": 89,
            "column": 17
          },
          "end": {
            "line": 89,
            "column": 29
          }
        },
        "loc": {
          "start": {
            "line": 89,
            "column": 32
          },
          "end": {
            "line": 117,
            "column": 3
          }
        },
        "line": 89
      },
      "8": {
        "name": "clearData",
        "decl": {
          "start": {
            "line": 119,
            "column": 11
          },
          "end": {
            "line": 119,
            "column": 20
          }
        },
        "loc": {
          "start": {
            "line": 119,
            "column": 23
          },
          "end": {
            "line": 135,
            "column": 3
          }
        },
        "line": 119
      },
      "9": {
        "name": "(anonymous_9)",
        "decl": {
          "start": {
            "line": 157,
            "column": 24
          },
          "end": {
            "line": 157,
            "column": 25
          }
        },
        "loc": {
          "start": {
            "line": 157,
            "column": 35
          },
          "end": {
            "line": 157,
            "column": 70
          }
        },
        "line": 157
      },
      "10": {
        "name": "(anonymous_10)",
        "decl": {
          "start": {
            "line": 173,
            "column": 24
          },
          "end": {
            "line": 173,
            "column": 25
          }
        },
        "loc": {
          "start": {
            "line": 173,
            "column": 45
          },
          "end": {
            "line": 173,
            "column": 72
          }
        },
        "line": 173
      },
      "11": {
        "name": "(anonymous_11)",
        "decl": {
          "start": {
            "line": 174,
            "column": 30
          },
          "end": {
            "line": 174,
            "column": 31
          }
        },
        "loc": {
          "start": {
            "line": 174,
            "column": 42
          },
          "end": {
            "line": 174,
            "column": 66
          }
        },
        "line": 174
      },
      "12": {
        "name": "(anonymous_12)",
        "decl": {
          "start": {
            "line": 175,
            "column": 27
          },
          "end": {
            "line": 175,
            "column": 28
          }
        },
        "loc": {
          "start": {
            "line": 176,
            "column": 16
          },
          "end": {
            "line": 176,
            "column": 61
          }
        },
        "line": 176
      },
      "13": {
        "name": "(anonymous_13)",
        "decl": {
          "start": {
            "line": 190,
            "column": 24
          },
          "end": {
            "line": 190,
            "column": 25
          }
        },
        "loc": {
          "start": {
            "line": 190,
            "column": 45
          },
          "end": {
            "line": 190,
            "column": 75
          }
        },
        "line": 190
      },
      "14": {
        "name": "(anonymous_14)",
        "decl": {
          "start": {
            "line": 191,
            "column": 30
          },
          "end": {
            "line": 191,
            "column": 31
          }
        },
        "loc": {
          "start": {
            "line": 191,
            "column": 42
          },
          "end": {
            "line": 191,
            "column": 69
          }
        },
        "line": 191
      },
      "15": {
        "name": "(anonymous_15)",
        "decl": {
          "start": {
            "line": 192,
            "column": 27
          },
          "end": {
            "line": 192,
            "column": 28
          }
        },
        "loc": {
          "start": {
            "line": 193,
            "column": 16
          },
          "end": {
            "line": 193,
            "column": 64
          }
        },
        "line": 193
      },
      "16": {
        "name": "(anonymous_16)",
        "decl": {
          "start": {
            "line": 205,
            "column": 26
          },
          "end": {
            "line": 205,
            "column": 27
          }
        },
        "loc": {
          "start": {
            "line": 205,
            "column": 39
          },
          "end": {
            "line": 209,
            "column": 17
          }
        },
        "line": 205
      },
      "17": {
        "name": "(anonymous_17)",
        "decl": {
          "start": {
            "line": 225,
            "column": 26
          },
          "end": {
            "line": 225,
            "column": 27
          }
        },
        "loc": {
          "start": {
            "line": 225,
            "column": 39
          },
          "end": {
            "line": 227,
            "column": 17
          }
        },
        "line": 225
      },
      "18": {
        "name": "(anonymous_18)",
        "decl": {
          "start": {
            "line": 245,
            "column": 29
          },
          "end": {
            "line": 245,
            "column": 30
          }
        },
        "loc": {
          "start": {
            "line": 245,
            "column": 40
          },
          "end": {
            "line": 245,
            "column": 77
          }
        },
        "line": 245
      },
      "19": {
        "name": "(anonymous_19)",
        "decl": {
          "start": {
            "line": 272,
            "column": 28
          },
          "end": {
            "line": 272,
            "column": 29
          }
        },
        "loc": {
          "start": {
            "line": 272,
            "column": 35
          },
          "end": {
            "line": 272,
            "column": 69
          }
        },
        "line": 272
      },
      "20": {
        "name": "(anonymous_20)",
        "decl": {
          "start": {
            "line": 289,
            "column": 27
          },
          "end": {
            "line": 289,
            "column": 28
          }
        },
        "loc": {
          "start": {
            "line": 289,
            "column": 38
          },
          "end": {
            "line": 289,
            "column": 73
          }
        },
        "line": 289
      },
      "21": {
        "name": "(anonymous_21)",
        "decl": {
          "start": {
            "line": 315,
            "column": 28
          },
          "end": {
            "line": 315,
            "column": 29
          }
        },
        "loc": {
          "start": {
            "line": 315,
            "column": 35
          },
          "end": {
            "line": 315,
            "column": 74
          }
        },
        "line": 315
      },
      "22": {
        "name": "(anonymous_22)",
        "decl": {
          "start": {
            "line": 334,
            "column": 29
          },
          "end": {
            "line": 334,
            "column": 30
          }
        },
        "loc": {
          "start": {
            "line": 334,
            "column": 40
          },
          "end": {
            "line": 334,
            "column": 74
          }
        },
        "line": 334
      },
      "23": {
        "name": "(anonymous_23)",
        "decl": {
          "start": {
            "line": 349,
            "column": 29
          },
          "end": {
            "line": 349,
            "column": 30
          }
        },
        "loc": {
          "start": {
            "line": 349,
            "column": 40
          },
          "end": {
            "line": 349,
            "column": 75
          }
        },
        "line": 349
      },
      "24": {
        "name": "(anonymous_24)",
        "decl": {
          "start": {
            "line": 364,
            "column": 29
          },
          "end": {
            "line": 364,
            "column": 30
          }
        },
        "loc": {
          "start": {
            "line": 364,
            "column": 40
          },
          "end": {
            "line": 364,
            "column": 74
          }
        },
        "line": 364
      },
      "25": {
        "name": "(anonymous_25)",
        "decl": {
          "start": {
            "line": 391,
            "column": 28
          },
          "end": {
            "line": 391,
            "column": 29
          }
        },
        "loc": {
          "start": {
            "line": 391,
            "column": 35
          },
          "end": {
            "line": 391,
            "column": 71
          }
        },
        "line": 391
      },
      "26": {
        "name": "(anonymous_26)",
        "decl": {
          "start": {
            "line": 408,
            "column": 27
          },
          "end": {
            "line": 408,
            "column": 28
          }
        },
        "loc": {
          "start": {
            "line": 408,
            "column": 38
          },
          "end": {
            "line": 408,
            "column": 72
          }
        },
        "line": 408
      }
    },
    "branchMap": {
      "0": {
        "loc": {
          "start": {
            "line": 77,
            "column": 4
          },
          "end": {
            "line": 77,
            "column": 32
          }
        },
        "type": "if",
        "locations": [
          {
            "start": {
              "line": 77,
              "column": 4
            },
            "end": {
              "line": 77,
              "column": 32
            }
          },
          {
            "start": {},
            "end": {}
          }
        ],
        "line": 77
      },
      "1": {
        "loc": {
          "start": {
            "line": 85,
            "column": 4
          },
          "end": {
            "line": 85,
            "column": 35
          }
        },
        "type": "if",
        "locations": [
          {
            "start": {
              "line": 85,
              "column": 4
            },
            "end": {
              "line": 85,
              "column": 35
            }
          },
          {
            "start": {},
            "end": {}
          }
        ],
        "line": 85
      },
      "2": {
        "loc": {
          "start": {
            "line": 110,
            "column": 6
          },
          "end": {
            "line": 113,
            "column": 7
          }
        },
        "type": "if",
        "locations": [
          {
            "start": {
              "line": 110,
              "column": 6
            },
            "end": {
              "line": 113,
              "column": 7
            }
          },
          {
            "start": {},
            "end": {}
          }
        ],
        "line": 110
      },
      "3": {
        "loc": {
          "start": {
            "line": 174,
            "column": 42
          },
          "end": {
            "line": 174,
            "column": 66
          }
        },
        "type": "binary-expr",
        "locations": [
          {
            "start": {
              "line": 174,
              "column": 42
            },
            "end": {
              "line": 174,
              "column": 60
            }
          },
          {
            "start": {
              "line": 174,
              "column": 64
            },
            "end": {
              "line": 174,
              "column": 66
            }
          }
        ],
        "line": 174
      },
      "4": {
        "loc": {
          "start": {
            "line": 191,
            "column": 42
          },
          "end": {
            "line": 191,
            "column": 69
          }
        },
        "type": "binary-expr",
        "locations": [
          {
            "start": {
              "line": 191,
              "column": 42
            },
            "end": {
              "line": 191,
              "column": 63
            }
          },
          {
            "start": {
              "line": 191,
              "column": 67
            },
            "end": {
              "line": 191,
              "column": 69
            }
          }
        ],
        "line": 191
      },
      "5": {
        "loc": {
          "start": {
            "line": 204,
            "column": 23
          },
          "end": {
            "line": 204,
            "column": 68
          }
        },
        "type": "cond-expr",
        "locations": [
          {
            "start": {
              "line": 204,
              "column": 40
            },
            "end": {
              "line": 204,
              "column": 61
            }
          },
          {
            "start": {
              "line": 204,
              "column": 64
            },
            "end": {
              "line": 204,
              "column": 68
            }
          }
        ],
        "line": 204
      },
      "6": {
        "loc": {
          "start": {
            "line": 207,
            "column": 20
          },
          "end": {
            "line": 207,
            "column": 63
          }
        },
        "type": "cond-expr",
        "locations": [
          {
            "start": {
              "line": 207,
              "column": 30
            },
            "end": {
              "line": 207,
              "column": 58
            }
          },
          {
            "start": {
              "line": 207,
              "column": 61
            },
            "end": {
              "line": 207,
              "column": 63
            }
          }
        ],
        "line": 207
      },
      "7": {
        "loc": {
          "start": {
            "line": 224,
            "column": 23
          },
          "end": {
            "line": 224,
            "column": 64
          }
        },
        "type": "cond-expr",
        "locations": [
          {
            "start": {
              "line": 224,
              "column": 38
            },
            "end": {
              "line": 224,
              "column": 57
            }
          },
          {
            "start": {
              "line": 224,
              "column": 60
            },
            "end": {
              "line": 224,
              "column": 64
            }
          }
        ],
        "line": 224
      },
      "8": {
        "loc": {
          "start": {
            "line": 226,
            "column": 34
          },
          "end": {
            "line": 226,
            "column": 77
          }
        },
        "type": "cond-expr",
        "locations": [
          {
            "start": {
              "line": 226,
              "column": 44
            },
            "end": {
              "line": 226,
              "column": 72
            }
          },
          {
            "start": {
              "line": 226,
              "column": 75
            },
            "end": {
              "line": 226,
              "column": 77
            }
          }
        ],
        "line": 226
      },
      "9": {
        "loc": {
          "start": {
            "line": 453,
            "column": 9
          },
          "end": {
            "line": 453,
            "column": 65
          }
        },
        "type": "binary-expr",
        "locations": [
          {
            "start": {
              "line": 453,
              "column": 9
            },
            "end": {
              "line": 453,
              "column": 16
            }
          },
          {
            "start": {
              "line": 453,
              "column": 20
            },
            "end": {
              "line": 453,
              "column": 65
            }
          }
        ],
        "line": 453
      }
    },
    "s": {
      "0": 0,
      "1": 0,
      "2": 0,
      "3": 0,
      "4": 0,
      "5": 0,
      "6": 0,
      "7": 0,
      "8": 0,
      "9": 0,
      "10": 0,
      "11": 0,
      "12": 0,
      "13": 0,
      "14": 0,
      "15": 0,
      "16": 0,
      "17": 0,
      "18": 0,
      "19": 0,
      "20": 0,
      "21": 0,
      "22": 0,
      "23": 0,
      "24": 0,
      "25": 0,
      "26": 0,
      "27": 0,
      "28": 0,
      "29": 0,
      "30": 0,
      "31": 0,
      "32": 0,
      "33": 0,
      "34": 0,
      "35": 0,
      "36": 0,
      "37": 0,
      "38": 0,
      "39": 0,
      "40": 0,
      "41": 0,
      "42": 0,
      "43": 0,
      "44": 0,
      "45": 0,
      "46": 0,
      "47": 0,
      "48": 0,
      "49": 0,
      "50": 0,
      "51": 0,
      "52": 0,
      "53": 0,
      "54": 0,
      "55": 0,
      "56": 0,
      "57": 0,
      "58": 0,
      "59": 0,
      "60": 0,
      "61": 0,
      "62": 0,
      "63": 0,
      "64": 0,
      "65": 0,
      "66": 0,
      "67": 0,
      "68": 0,
      "69": 0,
      "70": 0,
      "71": 0,
      "72": 0,
      "73": 0,
      "74": 0,
      "75": 0,
      "76": 0,
      "77": 0,
      "78": 0
    },
    "f": {
      "0": 0,
      "1": 0,
      "2": 0,
      "3": 0,
      "4": 0,
      "5": 0,
      "6": 0,
      "7": 0,
      "8": 0,
      "9": 0,
      "10": 0,
      "11": 0,
      "12": 0,
      "13": 0,
      "14": 0,
      "15": 0,
      "16": 0,
      "17": 0,
      "18": 0,
      "19": 0,
      "20": 0,
      "21": 0,
      "22": 0,
      "23": 0,
      "24": 0,
      "25": 0,
      "26": 0
    },
    "b": {
      "0": [
        0,
        0
      ],
      "1": [
        0,
        0
      ],
      "2": [
        0,
        0
      ],
      "3": [
        0,
        0
      ],
      "4": [
        0,
        0
      ],
      "5": [
        0,
        0
      ],
      "6": [
        0,
        0
      ],
      "7": [
        0,
        0
      ],
      "8": [
        0,
        0
      ],
      "9": [
        0,
        0
      ]
    },
    "_coverageSchema": "1a1c01bbd47fc00a2c39e90264f33305004495a9",
    "hash": "5f729636b01050047cb2999c075965cfc7f3397e"
  },
  "C:\\Users\\aslag\\Desktop\\Capstone\\Neapolitan\\client\\src\\components\\DebtFacilityModify.js": {
    "path": "C:\\Users\\aslag\\Desktop\\Capstone\\Neapolitan\\client\\src\\components\\DebtFacilityModify.js",
    "statementMap": {
      "0": {
        "start": {
          "line": 1,
          "column": 27
        },
        "end": {
          "line": 7,
          "column": 1
        }
      },
      "1": {
        "start": {
          "line": 2,
          "column": 2
        },
        "end": {
          "line": 6,
          "column": 4
        }
      }
    },
    "fnMap": {
      "0": {
        "name": "(anonymous_0)",
        "decl": {
          "start": {
            "line": 1,
            "column": 27
          },
          "end": {
            "line": 1,
            "column": 28
          }
        },
        "loc": {
          "start": {
            "line": 1,
            "column": 33
          },
          "end": {
            "line": 7,
            "column": 1
          }
        },
        "line": 1
      }
    },
    "branchMap": {},
    "s": {
      "0": 4,
      "1": 0
    },
    "f": {
      "0": 0
    },
    "b": {},
    "_coverageSchema": "1a1c01bbd47fc00a2c39e90264f33305004495a9",
    "hash": "8238dffff4ce07bdf5ccc40026a113653def205a"
  },
  "C:\\Users\\aslag\\Desktop\\Capstone\\Neapolitan\\client\\src\\components\\DebtFacilityDelete.js": {
    "path": "C:\\Users\\aslag\\Desktop\\Capstone\\Neapolitan\\client\\src\\components\\DebtFacilityDelete.js",
    "statementMap": {
      "0": {
        "start": {
          "line": 1,
          "column": 27
        },
        "end": {
          "line": 7,
          "column": 1
        }
      },
      "1": {
        "start": {
          "line": 2,
          "column": 2
        },
        "end": {
          "line": 6,
          "column": 4
        }
      }
    },
    "fnMap": {
      "0": {
        "name": "(anonymous_0)",
        "decl": {
          "start": {
            "line": 1,
            "column": 27
          },
          "end": {
            "line": 1,
            "column": 28
          }
        },
        "loc": {
          "start": {
[...]
          }
        },
        "line": 327
      },
      "26": {
        "name": "(anonymous_26)",
        "decl": {
          "start": {
            "line": 338,
            "column": 27
          },
          "end": {
            "line": 338,
            "column": 28
          }
        },
        "loc": {
          "start": {
            "line": 338,
            "column": 38
          },
          "end": {
            "line": 338,
            "column": 75
          }
        },
        "line": 338
      },
      "27": {
        "name": "(anonymous_27)",
        "decl": {
          "start": {
            "line": 349,
            "column": 27
          },
          "end": {
            "line": 349,
            "column": 28
          }
        },
        "loc": {
          "start": {
            "line": 349,
            "column": 38
          },
          "end": {
            "line": 349,
            "column": 75
          }
        },
        "line": 349
      },
      "28": {
        "name": "(anonymous_28)",
        "decl": {
          "start": {
            "line": 384,
            "column": 22
          },
          "end": {
            "line": 384,
            "column": 23
          }
        },
        "loc": {
          "start": {
            "line": 384,
            "column": 43
          },
          "end": {
            "line": 384,
            "column": 64
          }
        },
        "line": 384
      },
      "29": {
        "name": "(anonymous_29)",
        "decl": {
          "start": {
            "line": 385,
            "column": 25
          },
          "end": {
            "line": 385,
            "column": 26
          }
        },
        "loc": {
          "start": {
            "line": 386,
            "column": 14
          },
          "end": {
            "line": 386,
            "column": 57
          }
        },
        "line": 386
      },
      "30": {
        "name": "(anonymous_30)",
        "decl": {
          "start": {
            "line": 394,
            "column": 27
          },
          "end": {
            "line": 394,
            "column": 28
          }
        },
        "loc": {
          "start": {
            "line": 394,
            "column": 38
          },
          "end": {
            "line": 394,
            "column": 68
          }
        },
        "line": 394
      },
      "31": {
        "name": "(anonymous_31)",
        "decl": {
          "start": {
            "line": 406,
            "column": 27
          },
          "end": {
            "line": 406,
            "column": 28
          }
        },
        "loc": {
          "start": {
            "line": 406,
            "column": 38
          },
          "end": {
            "line": 406,
            "column": 65
          }
        },
        "line": 406
      },
      "32": {
        "name": "(anonymous_32)",
        "decl": {
          "start": {
            "line": 418,
            "column": 27
          },
          "end": {
            "line": 418,
            "column": 28
          }
        },
        "loc": {
          "start": {
            "line": 418,
            "column": 38
          },
          "end": {
            "line": 418,
            "column": 64
          }
        },
        "line": 418
      },
      "33": {
        "name": "(anonymous_33)",
        "decl": {
          "start": {
            "line": 432,
            "column": 22
          },
          "end": {
            "line": 432,
            "column": 23
          }
        },
        "loc": {
          "start": {
            "line": 432,
            "column": 43
          },
          "end": {
            "line": 432,
            "column": 63
          }
        },
        "line": 432
      },
      "34": {
        "name": "(anonymous_34)",
        "decl": {
          "start": {
            "line": 433,
            "column": 25
          },
          "end": {
            "line": 433,
            "column": 26
          }
        },
        "loc": {
          "start": {
            "line": 434,
            "column": 14
          },
          "end": {
            "line": 434,
            "column": 62
          }
        },
        "line": 434
      }
    },
    "branchMap": {
      "0": {
        "loc": {
          "start": {
            "line": 78,
            "column": 4
          },
          "end": {
            "line": 78,
            "column": 39
          }
        },
        "type": "if",
        "locations": [
          {
            "start": {
              "line": 78,
              "column": 4
            },
            "end": {
              "line": 78,
              "column": 39
            }
          },
          {
            "start": {},
            "end": {}
          }
        ],
        "line": 78
      },
      "1": {
        "loc": {
          "start": {
            "line": 99,
            "column": 12
          },
          "end": {
            "line": 99,
            "column": 75
          }
        },
        "type": "cond-expr",
        "locations": [
          {
            "start": {
              "line": 99,
              "column": 32
            },
            "end": {
              "line": 99,
              "column": 68
            }
          },
          {
            "start": {
              "line": 99,
              "column": 71
            },
            "end": {
              "line": 99,
              "column": 75
            }
          }
        ],
        "line": 99
      },
      "2": {
        "loc": {
          "start": {
            "line": 100,
            "column": 18
          },
          "end": {
            "line": 100,
            "column": 75
          }
        },
        "type": "cond-expr",
        "locations": [
          {
            "start": {
              "line": 100,
              "column": 35
            },
            "end": {
              "line": 100,
              "column": 68
            }
          },
          {
            "start": {
              "line": 100,
              "column": 71
            },
            "end": {
              "line": 100,
              "column": 75
            }
          }
        ],
        "line": 100
      },
      "3": {
        "loc": {
          "start": {
            "line": 101,
            "column": 17
          },
          "end": {
            "line": 101,
            "column": 72
          }
        },
        "type": "cond-expr",
        "locations": [
          {
            "start": {
              "line": 101,
              "column": 33
            },
            "end": {
              "line": 101,
              "column": 65
            }
          },
          {
            "start": {
              "line": 101,
              "column": 68
            },
            "end": {
              "line": 101,
              "column": 72
            }
          }
        ],
        "line": 101
      },
      "4": {
        "loc": {
          "start": {
            "line": 105,
            "column": 6
          },
          "end": {
            "line": 108,
            "column": 7
          }
        },
        "type": "if",
        "locations": [
          {
            "start": {
              "line": 105,
              "column": 6
            },
            "end": {
              "line": 108,
              "column": 7
            }
          },
          {
            "start": {},
            "end": {}
          }
        ],
        "line": 105
      },
      "5": {
        "loc": {
          "start": {
            "line": 200,
            "column": 42
          },
          "end": {
            "line": 200,
            "column": 65
          }
        },
        "type": "binary-expr",
        "locations": [
          {
            "start": {
              "line": 200,
              "column": 42
            },
            "end": {
              "line": 200,
              "column": 59
            }
          },
          {
            "start": {
              "line": 200,
              "column": 63
            },
            "end": {
              "line": 200,
              "column": 65
            }
          }
        ],
        "line": 200
      },
      "6": {
        "loc": {
          "start": {
            "line": 214,
            "column": 42
          },
          "end": {
            "line": 214,
            "column": 74
          }
        },
        "type": "binary-expr",
        "locations": [
          {
            "start": {
              "line": 214,
              "column": 42
            },
            "end": {
              "line": 214,
              "column": 68
            }
          },
          {
            "start": {
              "line": 214,
              "column": 72
            },
            "end": {
              "line": 214,
              "column": 74
            }
          }
        ],
        "line": 214
      },
      "7": {
        "loc": {
          "start": {
            "line": 254,
            "column": 23
          },
          "end": {
            "line": 254,
            "column": 64
          }
        },
        "type": "cond-expr",
        "locations": [
          {
            "start": {
              "line": 254,
              "column": 38
            },
            "end": {
              "line": 254,
              "column": 57
            }
          },
          {
            "start": {
              "line": 254,
              "column": 60
            },
            "end": {
              "line": 254,
              "column": 64
            }
          }
        ],
        "line": 254
      },
      "8": {
        "loc": {
          "start": {
            "line": 256,
            "column": 34
          },
          "end": {
            "line": 256,
            "column": 77
          }
        },
        "type": "cond-expr",
        "locations": [
          {
            "start": {
              "line": 256,
              "column": 44
            },
            "end": {
              "line": 256,
              "column": 72
            }
          },
          {
            "start": {
              "line": 256,
              "column": 75
            },
            "end": {
              "line": 256,
              "column": 77
            }
          }
        ],
        "line": 256
      },
      "9": {
        "loc": {
          "start": {
            "line": 268,
            "column": 23
          },
          "end": {
            "line": 268,
            "column": 70
          }
        },
        "type": "cond-expr",
        "locations": [
          {
            "start": {
              "line": 268,
              "column": 41
            },
            "end": {
              "line": 268,
              "column": 63
            }
          },
          {
            "start": {
              "line": 268,
              "column": 66
            },
            "end": {
              "line": 268,
              "column": 70
            }
          }
        ],
        "line": 268
      },
      "10": {
        "loc": {
          "start": {
            "line": 271,
            "column": 20
          },
          "end": {
            "line": 271,
            "column": 63
          }
        },
        "type": "cond-expr",
        "locations": [
          {
            "start": {
              "line": 271,
              "column": 30
            },
            "end": {
              "line": 271,
              "column": 58
            }
          },
          {
            "start": {
              "line": 271,
              "column": 61
            },
            "end": {
              "line": 271,
              "column": 63
            }
          }
        ],
        "line": 271
      },
      "11": {
        "loc": {
          "start": {
            "line": 475,
            "column": 9
          },
          "end": {
            "line": 475,
            "column": 65
          }
        },
        "type": "binary-expr",
        "locations": [
          {
            "start": {
              "line": 475,
              "column": 9
            },
            "end": {
              "line": 475,
              "column": 16
            }
          },
          {
            "start": {
              "line": 475,
              "column": 20
            },
            "end": {
              "line": 475,
              "column": 65
            }
          }
        ],
        "line": 475
      }
    },
    "s": {
      "0": 0,
      "1": 0,
      "2": 0,
      "3": 0,
      "4": 0,
      "5": 0,
      "6": 0,
      "7": 0,
      "8": 0,
      "9": 0,
      "10": 0,
      "11": 0,
      "12": 0,
      "13": 0,
      "14": 0,
      "15": 0,
      "16": 0,
      "17": 0,
      "18": 0,
      "19": 0,
      "20": 0,
      "21": 0,
      "22": 0,
      "23": 0,
      "24": 0,
      "25": 0,
      "26": 0,
      "27": 0,
      "28": 0,
      "29": 0,
      "30": 0,
      "31": 0,
      "32": 0,
      "33": 0,
      "34": 0,
      "35": 0,
      "36": 0,
      "37": 0,
      "38": 0,
      "39": 0,
      "40": 0,
      "41": 0,
      "42": 0,
      "43": 0,
      "44": 0,
      "45": 0,
      "46": 0,
      "47": 0,
      "48": 0,
      "49": 0,
      "50": 0,
      "51": 0,
      "52": 0,
      "53": 0,
      "54": 0,
      "55": 0,
      "56": 0,
      "57": 0,
      "58": 0,
      "59": 0,
      "60": 0,
      "61": 0,
      "62": 0,
      "63": 0,
      "64": 0,
      "65": 0,
      "66": 0,
      "67": 0,
      "68": 0,
      "69": 0,
      "70": 0,
      "71": 0,
      "72": 0,
      "73": 0,
      "74": 0,
      "75": 0,
      "76": 0,
      "77": 0,
      "78": 0,
      "79": 0,
      "80": 0,
      "81": 0,
      "82": 0,
      "83": 0,
      "84": 0,
      "85": 0,
      "86": 0,
      "87": 0,
      "88": 0,
      "89": 0,
      "90": 0,
      "91": 0,
      "92": 0,
      "93": 0,
      "94": 0
    },
    "f": {
      "0": 0,
      "1": 0,
      "2": 0,
      "3": 0,
      "4": 0,
      "5": 0,
      "6": 0,
      "7": 0,
      "8": 0,
      "9": 0,
      "10": 0,
      "11": 0,
      "12": 0,
      "13": 0,
      "14": 0,
      "15": 0,
      "16": 0,
      "17": 0,
      "18": 0,
      "19": 0,
      "20": 0,
      "21": 0,
      "22": 0,
      "23": 0,
      "24": 0,
      "25": 0,
      "26": 0,
      "27": 0,
      "28": 0,
      "29": 0,
      "30": 0,
      "31": 0,
      "32": 0,
      "33": 0,
      "34": 0
    },
    "b": {
      "0": [
        0,
        0
      ],
      "1": [
        0,
        0
      ],
      "2": [
        0,
        0
      ],
      "3": [
        0,
        0
      ],
      "4": [
        0,
        0
      ],
      "5": [
        0,
        0
      ],
      "6": [
        0,
        0
      ],
      "7": [
        0,
        0
      ],
      "8": [
        0,
        0
      ],
      "9": [
        0,
        0
      ],
      "10": [
        0,
        0
      ],
      "11": [
        0,
        0
      ]
    },
    "_coverageSchema": "1a1c01bbd47fc00a2c39e90264f33305004495a9",
    "hash": "70ccc905a52f5ddffaf499a029cc33eae6172f24"
  },
  "C:\\Users\\aslag\\Desktop\\Capstone\\Neapolitan\\client\\src\\components\\LoanTrancheModify.js": {
    "path": "C:\\Users\\aslag\\Desktop\\Capstone\\Neapolitan\\client\\src\\components\\LoanTrancheModify.js",
    "statementMap": {
      "0": {
        "start": {
          "line": 1,
          "column": 26
        },
        "end": {
          "line": 7,
          "column": 1
        }
      },
      "1": {
        "start": {
          "line": 2,
          "column": 2
        },
        "end": {
          "line": 6,
          "column": 4
        }
      }
    },
    "fnMap": {
      "0": {
        "name": "(anonymous_0)",
        "decl": {
          "start": {
            "line": 1,
            "column": 26
          },
          "end": {
            "line": 1,
            "column": 27
          }
        },
        "loc": {
          "start": {
            "line": 1,
            "column": 32
          },
          "end": {
            "line": 7,
            "column": 1
          }
        },
        "line": 1
      }
    },
    "branchMap": {},
    "s": {
      "0": 4,
      "1": 0
    },
    "f": {
      "0": 0
    },
    "b": {},
    "_coverageSchema": "1a1c01bbd47fc00a2c39e90264f33305004495a9",
    "hash": "dab1811629db4373d593bd743bb10b787664673f"
  },
  "C:\\Users\\aslag\\Desktop\\Capstone\\Neapolitan\\client\\src\\components\\LoanTrancheDelete.js": {
    "path": "C:\\Users\\aslag\\Desktop\\Capstone\\Neapolitan\\client\\src\\components\\LoanTrancheDelete.js",
    "statementMap": {
      "0": {
        "start": {
          "line": 1,
          "column": 26
        },
        "end": {
          "line": 7,
          "column": 1
        }
      },
      "1": {
        "start": {
          "line": 2,
          "column": 2
        },
        "end": {
          "line": 6,
          "column": 4
        }
      }
    },
    "fnMap": {
      "0": {
        "name": "(anonymous_0)",
        "decl": {
          "start": {
            "line": 1,
            "column": 26
          },
          "end": {
            "line": 1,
            "column": 27
          }
        },
        "loc": {
          "start": {
            "line": 1,
            "column": 32
          },
          "end": {
            "line": 7,
            "column": 1
          }
        },
        "line": 1
      }
    },
    "branchMap": {},
    "s": {
      "0": 4,
      "1": 0
    },
    "f": {
      "0": 0
    },
    "b": {},
    "_coverageSchema": "1a1c01bbd47fc00a2c39e90264f33305004495a9",
    "hash": "4af367a144707d44c5b1c1fb13d6cc4231024c81"
  },
  "C:\\Users\\aslag\\Desktop\\Capstone\\Neapolitan\\client\\src\\components\\Home.js": {
    "path": "C:\\Users\\aslag\\Desktop\\Capstone\\Neapolitan\\client\\src\\components\\Home.js",
    "statementMap": {
      "0": {
        "start": {
          "line": 1,
          "column": 13
        },
        "end": {
          "line": 7,
          "column": 1
        }
      },
      "1": {
        "start": {
          "line": 2,
          "column": 2
        },
        "end": {
          "line": 6,
          "column": 4
        }
      }
    },
    "fnMap": {
      "0": {
        "name": "(anonymous_0)",
        "decl": {
          "start": {
            "line": 1,
            "column": 13
          },
          "end": {
            "line": 1,
            "column": 14
          }
        },
        "loc": {
          "start": {
            "line": 1,
            "column": 19
          },
          "end": {
            "line": 7,
            "column": 1
          }
        },
        "line": 1
      }
    },
    "branchMap": {},
    "s": {
      "0": 4,
      "1": 4
    },
    "f": {
      "0": 4
    },
    "b": {},
    "_coverageSchema": "1a1c01bbd47fc00a2c39e90264f33305004495a9",
    "hash": "0871c8ab607771e7ac01a81e974ada896986eeec"
  },
  "C:\\Users\\aslag\\Desktop\\Capstone\\Neapolitan\\client\\src\\components\\App.js": {
    "path": "C:\\Users\\aslag\\Desktop\\Capstone\\Neapolitan\\client\\src\\components\\App.js",
    "statementMap": {
      "0": {
        "start": {
          "line": 41,
          "column": 2
        },
        "end": {
          "line": 151,
          "column": 4
        }
      }
    },
    "fnMap": {
      "0": {
        "name": "App",
        "decl": {
          "start": {
            "line": 40,
            "column": 9
          },
          "end": {
            "line": 40,
            "column": 12
          }
        },
        "loc": {
          "start": {
            "line": 40,
            "column": 15
          },
          "end": {
            "line": 152,
            "column": 1
          }
        },
        "line": 40
      }
    },
    "branchMap": {},
    "s": {
      "0": 4
    },
    "f": {
      "0": 4
    },
    "b": {},
    "_coverageSchema": "1a1c01bbd47fc00a2c39e90264f33305004495a9",
    "hash": "52d733732fc72e80ab8c8527d8f2b20cbfe8d761"
  }
}