{
  "C:\\Users\\aslag\\Desktop\\Capstone\\Neapolitan\\client\\src\\components\\TopNav.js": {
    "path": "C:\\Users\\aslag\\Desktop\\Capstone\\Neapolitan\\client\\src\\components\\TopNav.js",
    "statementMap": {
      "0": {
        "start": {
          "line": 3,
          "column": 15
        },
        "end": {
          "line": 74,
          "column": 1
        }
      },
      "1": {
        "start": {
          "line": 4,
          "column": 2
        },
        "end": {
          "line": 73,
          "column": 4
        }
      },
      "2": {
        "start": {
          "line": 16,
          "column": 42
        },
        "end": {
          "line": 16,
          "column": 78
        }
      },
      "3": {
        "start": {
          "line": 23,
          "column": 42
        },
        "end": {
          "line": 23,
          "column": 78
        }
      },
      "4": {
        "start": {
          "line": 30,
          "column": 42
        },
        "end": {
          "line": 30,
          "column": 78
        }
      },
      "5": {
        "start": {
          "line": 37,
          "column": 42
        },
        "end": {
          "line": 37,
          "column": 78
        }
      },
      "6": {
        "start": {
          "line": 44,
          "column": 42
        },
        "end": {
          "line": 44,
          "column": 78
        }
      },
      "7": {
        "start": {
          "line": 51,
          "column": 42
        },
        "end": {
          "line": 51,
          "column": 78
        }
      },
      "8": {
        "start": {
          "line": 60,
          "column": 40
        },
        "end": {
          "line": 60,
          "column": 90
        }
      },
      "9": {
        "start": {
          "line": 67,
          "column": 40
        },
        "end": {
          "line": 67,
          "column": 90
        }
      }
    },
    "fnMap": {
      "0": {
        "name": "(anonymous_0)",
        "decl": {
          "start": {
            "line": 3,
            "column": 15
          },
          "end": {
            "line": 3,
            "column": 16
          }
        },
        "loc": {
          "start": {
            "line": 3,
            "column": 21
          },
          "end": {
            "line": 74,
            "column": 1
          }
        },
        "line": 3
      },
      "1": {
        "name": "(anonymous_1)",
        "decl": {
          "start": {
            "line": 16,
            "column": 23
          },
          "end": {
            "line": 16,
            "column": 24
          }
        },
        "loc": {
          "start": {
            "line": 16,
            "column": 42
          },
          "end": {
            "line": 16,
            "column": 78
          }
        },
        "line": 16
      },
      "2": {
        "name": "(anonymous_2)",
        "decl": {
          "start": {
            "line": 23,
            "column": 23
          },
          "end": {
            "line": 23,
            "column": 24
          }
        },
        "loc": {
          "start": {
            "line": 23,
            "column": 42
          },
          "end": {
            "line": 23,
            "column": 78
          }
        },
        "line": 23
      },
      "3": {
        "name": "(anonymous_3)",
        "decl": {
          "start": {
            "line": 30,
            "column": 23
          },
          "end": {
            "line": 30,
            "column": 24
          }
        },
        "loc": {
          "start": {
            "line": 30,
            "column": 42
          },
          "end": {
            "line": 30,
            "column": 78
          }
        },
        "line": 30
      },
      "4": {
        "name": "(anonymous_4)",
        "decl": {
          "start": {
            "line": 37,
            "column": 23
          },
          "end": {
            "line": 37,
            "column": 24
          }
        },
        "loc": {
          "start": {
            "line": 37,
            "column": 42
          },
          "end": {
            "line": 37,
            "column": 78
          }
        },
        "line": 37
      },
      "5": {
        "name": "(anonymous_5)",
        "decl": {
          "start": {
            "line": 44,
            "column": 23
          },
          "end": {
            "line": 44,
            "column": 24
          }
        },
        "loc": {
          "start": {
            "line": 44,
            "column": 42
          },
          "end": {
            "line": 44,
            "column": 78
          }
        },
        "line": 44
      },
      "6": {
        "name": "(anonymous_6)",
        "decl": {
          "start": {
            "line": 51,
            "column": 23
          },
          "end": {
            "line": 51,
            "column": 24
          }
        },
        "loc": {
          "start": {
            "line": 51,
            "column": 42
          },
          "end": {
            "line": 51,
            "column": 78
          }
        },
        "line": 51
      },
      "7": {
        "name": "(anonymous_7)",
        "decl": {
          "start": {
            "line": 60,
            "column": 21
          },
          "end": {
            "line": 60,
            "column": 22
          }
        },
        "loc": {
          "start": {
            "line": 60,
            "column": 40
          },
          "end": {
            "line": 60,
            "column": 90
          }
        },
        "line": 60
      },
      "8": {
        "name": "(anonymous_8)",
        "decl": {
          "start": {
            "line": 67,
            "column": 21
          },
          "end": {
            "line": 67,
            "column": 22
          }
        },
        "loc": {
          "start": {
            "line": 67,
            "column": 40
          },
          "end": {
            "line": 67,
            "column": 90
          }
        },
        "line": 67
      }
    },
    "branchMap": {
      "0": {
        "loc": {
          "start": {
            "line": 16,
            "column": 42
          },
          "end": {
            "line": 16,
            "column": 78
          }
        },
        "type": "cond-expr",
        "locations": [
          {
            "start": {
              "line": 16,
              "column": 53
            },
            "end": {
              "line": 16,
              "column": 73
            }
          },
          {
            "start": {
              "line": 16,
              "column": 76
            },
            "end": {
              "line": 16,
              "column": 78
            }
          }
        ],
        "line": 16
      },
      "1": {
        "loc": {
          "start": {
            "line": 23,
            "column": 42
          },
          "end": {
            "line": 23,
            "column": 78
          }
        },
        "type": "cond-expr",
        "locations": [
          {
            "start": {
              "line": 23,
              "column": 53
            },
            "end": {
              "line": 23,
              "column": 73
            }
          },
          {
            "start": {
              "line": 23,
              "column": 76
            },
            "end": {
              "line": 23,
              "column": 78
            }
          }
        ],
        "line": 23
      },
      "2": {
        "loc": {
          "start": {
            "line": 30,
            "column": 42
          },
          "end": {
            "line": 30,
            "column": 78
          }
        },
        "type": "cond-expr",
        "locations": [
          {
            "start": {
              "line": 30,
              "column": 53
            },
            "end": {
              "line": 30,
              "column": 73
            }
          },
          {
            "start": {
              "line": 30,
              "column": 76
            },
            "end": {
              "line": 30,
              "column": 78
            }
          }
        ],
        "line": 30
      },
      "3": {
        "loc": {
          "start": {
            "line": 37,
            "column": 42
          },
          "end": {
            "line": 37,
            "column": 78
          }
        },
        "type": "cond-expr",
        "locations": [
          {
            "start": {
              "line": 37,
              "column": 53
            },
            "end": {
              "line": 37,
              "column": 73
            }
          },
          {
            "start": {
              "line": 37,
              "column": 76
            },
            "end": {
              "line": 37,
              "column": 78
            }
          }
        ],
        "line": 37
      },
      "4": {
        "loc": {
          "start": {
            "line": 44,
            "column": 42
          },
          "end": {
            "line": 44,
            "column": 78
          }
        },
        "type": "cond-expr",
        "locations": [
          {
            "start": {
              "line": 44,
              "column": 53
            },
            "end": {
              "line": 44,
              "column": 73
            }
          },
          {
            "start": {
              "line": 44,
              "column": 76
            },
            "end": {
              "line": 44,
              "column": 78
            }
          }
        ],
        "line": 44
      },
      "5": {
        "loc": {
          "start": {
            "line": 51,
            "column": 42
          },
          "end": {
            "line": 51,
            "column": 78
          }
        },
        "type": "cond-expr",
        "locations": [
          {
            "start": {
              "line": 51,
              "column": 53
            },
            "end": {
              "line": 51,
              "column": 73
            }
          },
          {
            "start": {
              "line": 51,
              "column": 76
            },
            "end": {
              "line": 51,
              "column": 78
            }
          }
        ],
        "line": 51
      },
      "6": {
        "loc": {
          "start": {
            "line": 60,
            "column": 40
          },
          "end": {
            "line": 60,
            "column": 90
          }
        },
        "type": "cond-expr",
        "locations": [
          {
            "start": {
              "line": 60,
              "column": 51
            },
            "end": {
              "line": 60,
              "column": 75
            }
          },
          {
            "start": {
              "line": 60,
              "column": 78
            },
            "end": {
              "line": 60,
              "column": 90
            }
          }
        ],
        "line": 60
      },
      "7": {
        "loc": {
          "start": {
            "line": 67,
            "column": 40
          },
          "end": {
            "line": 67,
            "column": 90
          }
        },
        "type": "cond-expr",
        "locations": [
          {
            "start": {
              "line": 67,
              "column": 51
            },
            "end": {
              "line": 67,
              "column": 75
            }
          },
          {
            "start": {
              "line": 67,
              "column": 78
            },
            "end": {
              "line": 67,
              "column": 90
            }
          }
        ],
        "line": 67
      }
    },
    "s": {
      "0": 15,
      "1": 15,
      "2": 72,
      "3": 72,
      "4": 72,
      "5": 72,
      "6": 72,
      "7": 72,
      "8": 72,
      "9": 72
    },
    "f": {
      "0": 15,
      "1": 72,
      "2": 72,
      "3": 72,
      "4": 72,
      "5": 72,
      "6": 72,
      "7": 72,
      "8": 72
    },
    "b": {
      "0": [
        9,
        63
      ],
      "1": [
        32,
        40
      ],
      "2": [
        6,
        66
      ],
      "3": [
        2,
        70
      ],
      "4": [
        1,
        71
      ],
      "5": [
        9,
        63
      ],
      "6": [
        0,
        72
      ],
      "7": [
        0,
        72
      ]
    },
    "_coverageSchema": "1a1c01bbd47fc00a2c39e90264f33305004495a9",
    "hash": "ea8272edb326789180a990637a0c774754d4511d"
  },
  "C:\\Users\\aslag\\Desktop\\Capstone\\Neapolitan\\client\\src\\components\\BorrowBase.js": {
    "path": "C:\\Users\\aslag\\Desktop\\Capstone\\Neapolitan\\client\\src\\components\\BorrowBase.js",
    "statementMap": {
      "0": {
        "start": {
          "line": 5,
          "column": 2
        },
        "end": {
          "line": 30,
          "column": 4
        }
      },
      "1": {
        "start": {
          "line": 10,
          "column": 40
        },
        "end": {
          "line": 10,
          "column": 85
        }
      },
      "2": {
        "start": {
          "line": 17,
          "column": 40
        },
        "end": {
          "line": 17,
          "column": 85
        }
      },
      "3": {
        "start": {
          "line": 23,
          "column": 40
        },
        "end": {
          "line": 23,
          "column": 85
        }
      }
    },
    "fnMap": {
      "0": {
        "name": "BorrowBase",
        "decl": {
          "start": {
            "line": 4,
            "column": 24
          },
          "end": {
            "line": 4,
            "column": 34
          }
        },
        "loc": {
          "start": {
            "line": 4,
            "column": 37
          },
          "end": {
            "line": 31,
            "column": 1
          }
        },
        "line": 4
      },
      "1": {
        "name": "(anonymous_1)",
        "decl": {
          "start": {
            "line": 10,
            "column": 21
          },
          "end": {
            "line": 10,
            "column": 22
          }
        },
        "loc": {
          "start": {
            "line": 10,
            "column": 40
          },
          "end": {
            "line": 10,
            "column": 85
          }
        },
        "line": 10
      },
      "2": {
        "name": "(anonymous_2)",
        "decl": {
          "start": {
            "line": 17,
            "column": 21
          },
          "end": {
            "line": 17,
            "column": 22
          }
        },
        "loc": {
          "start": {
            "line": 17,
            "column": 40
          },
          "end": {
            "line": 17,
            "column": 85
          }
        },
        "line": 17
      },
      "3": {
        "name": "(anonymous_3)",
        "decl": {
          "start": {
            "line": 23,
            "column": 21
          },
          "end": {
            "line": 23,
            "column": 22
          }
        },
        "loc": {
          "start": {
            "line": 23,
            "column": 40
          },
          "end": {
            "line": 23,
            "column": 85
          }
        },
        "line": 23
      }
    },
    "branchMap": {
      "0": {
        "loc": {
          "start": {
            "line": 10,
            "column": 40
          },
          "end": {
            "line": 10,
            "column": 85
          }
        },
        "type": "cond-expr",
        "locations": [
          {
            "start": {
              "line": 10,
              "column": 51
            },
            "end": {
              "line": 10,
              "column": 80
            }
          },
          {
            "start": {
              "line": 10,
              "column": 83
            },
            "end": {
              "line": 10,
              "column": 85
            }
          }
        ],
        "line": 10
      },
      "1": {
        "loc": {
          "start": {
            "line": 17,
            "column": 40
          },
          "end": {
            "line": 17,
            "column": 85
          }
        },
        "type": "cond-expr",
        "locations": [
          {
            "start": {
              "line": 17,
              "column": 51
            },
            "end": {
              "line": 17,
              "column": 80
            }
          },
          {
            "start": {
              "line": 17,
              "column": 83
            },
            "end": {
              "line": 17,
              "column": 85
            }
          }
        ],
        "line": 17
      },
      "2": {
        "loc": {
          "start": {
            "line": 23,
            "column": 40
          },
          "end": {
            "line": 23,
            "column": 85
          }
        },
        "type": "cond-expr",
        "locations": [
          {
            "start": {
              "line": 23,
              "column": 51
            },
            "end": {
              "line": 23,
              "column": 80
            }
          },
          {
            "start": {
              "line": 23,
              "column": 83
            },
            "end": {
              "line": 23,
              "column": 85
            }
          }
        ],
        "line": 23
      }
    },
    "s": {
      "0": 4,
      "1": 9,
      "2": 9,
      "3": 9
    },
    "f": {
      "0": 4,
      "1": 9,
      "2": 9,
      "3": 9
    },
    "b": {
      "0": [
        3,
        6
      ],
      "1": [
        1,
        8
      ],
      "2": [
        1,
        8
      ]
    },
    "_coverageSchema": "1a1c01bbd47fc00a2c39e90264f33305004495a9",
    "hash": "652cd0870ebf2cd37707bb7b592a8964f9e449da"
  },
  "C:\\Users\\aslag\\Desktop\\Capstone\\Neapolitan\\client\\src\\components\\Transactions.js": {
    "path": "C:\\Users\\aslag\\Desktop\\Capstone\\Neapolitan\\client\\src\\components\\Transactions.js",
    "statementMap": {
      "0": {
        "start": {
          "line": 5,
          "column": 2
        },
        "end": {
          "line": 51,
          "column": 4
        }
      },
      "1": {
        "start": {
          "line": 10,
          "column": 40
        },
        "end": {
          "line": 10,
          "column": 86
        }
      },
      "2": {
        "start": {
          "line": 17,
          "column": 40
        },
        "end": {
          "line": 17,
          "column": 86
        }
      },
      "3": {
        "start": {
          "line": 23,
          "column": 40
        },
        "end": {
          "line": 23,
          "column": 86
        }
      },
      "4": {
        "start": {
          "line": 30,
          "column": 40
        },
        "end": {
          "line": 30,
          "column": 86
        }
      },
      "5": {
        "start": {
          "line": 37,
          "column": 40
        },
        "end": {
          "line": 37,
          "column": 86
        }
      },
      "6": {
        "start": {
          "line": 44,
          "column": 40
        },
        "end": {
          "line": 44,
          "column": 86
        }
      }
    },
    "fnMap": {
      "0": {
        "name": "Transactions",
        "decl": {
          "start": {
            "line": 4,
            "column": 24
          },
          "end": {
            "line": 4,
            "column": 36
          }
        },
        "loc": {
          "start": {
            "line": 4,
            "column": 39
          },
          "end": {
            "line": 52,
            "column": 1
          }
        },
        "line": 4
      },
      "1": {
        "name": "(anonymous_1)",
        "decl": {
          "start": {
            "line": 10,
            "column": 21
          },
          "end": {
            "line": 10,
            "column": 22
          }
        },
        "loc": {
          "start": {
            "line": 10,
            "column": 40
          },
          "end": {
            "line": 10,
            "column": 86
          }
        },
        "line": 10
      },
      "2": {
        "name": "(anonymous_2)",
        "decl": {
          "start": {
            "line": 17,
            "column": 21
          },
          "end": {
            "line": 17,
            "column": 22
          }
        },
        "loc": {
          "start": {
            "line": 17,
            "column": 40
          },
          "end": {
            "line": 17,
            "column": 86
          }
        },
        "line": 17
      },
      "3": {
        "name": "(anonymous_3)",
        "decl": {
          "start": {
            "line": 23,
            "column": 21
          },
          "end": {
            "line": 23,
            "column": 22
          }
        },
        "loc": {
          "start": {
            "line": 23,
            "column": 40
          },
          "end": {
            "line": 23,
            "column": 86
          }
        },
        "line": 23
      },
      "4": {
        "name": "(anonymous_4)",
        "decl": {
          "start": {
            "line": 30,
            "column": 21
          },
          "end": {
            "line": 30,
            "column": 22
          }
        },
        "loc": {
          "start": {
            "line": 30,
            "column": 40
          },
          "end": {
            "line": 30,
            "column": 86
          }
        },
        "line": 30
      },
      "5": {
        "name": "(anonymous_5)",
        "decl": {
          "start": {
            "line": 37,
            "column": 21
          },
          "end": {
            "line": 37,
            "column": 22
          }
        },
        "loc": {
          "start": {
            "line": 37,
            "column": 40
          },
          "end": {
            "line": 37,
            "column": 86
          }
        },
        "line": 37
      },
      "6": {
        "name": "(anonymous_6)",
        "decl": {
          "start": {
            "line": 44,
            "column": 21
          },
          "end": {
            "line": 44,
            "column": 22
          }
        },
        "loc": {
          "start": {
            "line": 44,
            "column": 40
          },
          "end": {
            "line": 44,
            "column": 86
          }
        },
        "line": 44
      }
    },
    "branchMap": {
      "0": {
        "loc": {
          "start": {
            "line": 10,
            "column": 40
          },
          "end": {
            "line": 10,
            "column": 86
          }
        },
        "type": "cond-expr",
        "locations": [
          {
            "start": {
              "line": 10,
              "column": 51
            },
            "end": {
              "line": 10,
              "column": 81
            }
          },
          {
            "start": {
              "line": 10,
              "column": 84
            },
            "end": {
              "line": 10,
              "column": 86
            }
          }
        ],
        "line": 10
      },
      "1": {
        "loc": {
          "start": {
            "line": 17,
            "column": 40
          },
          "end": {
            "line": 17,
            "column": 86
          }
        },
        "type": "cond-expr",
        "locations": [
          {
            "start": {
              "line": 17,
              "column": 51
            },
            "end": {
              "line": 17,
              "column": 81
            }
          },
          {
            "start": {
              "line": 17,
              "column": 84
            },
            "end": {
              "line": 17,
              "column": 86
            }
          }
        ],
        "line": 17
      },
      "2": {
        "loc": {
          "start": {
            "line": 23,
            "column": 40
          },
          "end": {
            "line": 23,
            "column": 86
          }
        },
        "type": "cond-expr",
        "locations": [
          {
            "start": {
              "line": 23,
              "column": 51
            },
            "end": {
              "line": 23,
              "column": 81
            }
          },
          {
            "start": {
              "line": 23,
              "column": 84
            },
            "end": {
              "line": 23,
              "column": 86
            }
          }
        ],
        "line": 23
      },
      "3": {
        "loc": {
          "start": {
            "line": 30,
            "column": 40
          },
          "end": {
            "line": 30,
            "column": 86
          }
        },
        "type": "cond-expr",
        "locations": [
          {
            "start": {
              "line": 30,
              "column": 51
            },
            "end": {
              "line": 30,
              "column": 81
            }
          },
          {
            "start": {
              "line": 30,
              "column": 84
            },
            "end": {
              "line": 30,
              "column": 86
            }
          }
        ],
        "line": 30
      },
      "4": {
        "loc": {
          "start": {
            "line": 37,
            "column": 40
          },
          "end": {
            "line": 37,
            "column": 86
          }
        },
        "type": "cond-expr",
        "locations": [
          {
            "start": {
              "line": 37,
              "column": 51
            },
            "end": {
              "line": 37,
              "column": 81
            }
          },
          {
            "start": {
              "line": 37,
              "column": 84
            },
            "end": {
              "line": 37,
              "column": 86
            }
          }
        ],
        "line": 37
      },
      "5": {
        "loc": {
          "start": {
            "line": 44,
            "column": 40
          },
          "end": {
            "line": 44,
            "column": 86
          }
        },
        "type": "cond-expr",
        "locations": [
          {
            "start": {
              "line": 44,
              "column": 51
            },
            "end": {
              "line": 44,
              "column": 81
            }
          },
          {
            "start": {
              "line": 44,
              "column": 84
            },
            "end": {
              "line": 44,
              "column": 86
            }
          }
        ],
        "line": 44
      }
    },
    "s": {
      "0": 8,
      "1": 32,
      "2": 32,
      "3": 32,
      "4": 32,
      "5": 32,
      "6": 32
    },
    "f": {
      "0": 8,
      "1": 32,
      "2": 32,
      "3": 32,
      "4": 32,
      "5": 32,
      "6": 32
    },
    "b": {
      "0": [
        5,
        27
      ],
      "1": [
        5,
        27
      ],
      "2": [
        5,
        27
      ],
      "3": [
        5,
        27
      ],
      "4": [
        4,
        28
      ],
      "5": [
        2,
        30
      ]
    },
    "_coverageSchema": "1a1c01bbd47fc00a2c39e90264f33305004495a9",
    "hash": "964fc5b1c6be1d6906f0864596cc923a76e1581d"
  },
  "C:\\Users\\aslag\\Desktop\\Capstone\\Neapolitan\\client\\src\\components\\Performance.js": {
    "path": "C:\\Users\\aslag\\Desktop\\Capstone\\Neapolitan\\client\\src\\components\\Performance.js",
    "statementMap": {
      "0": {
        "start": {
          "line": 5,
          "column": 2
        },
        "end": {
          "line": 24,
          "column": 4
        }
      },
      "1": {
        "start": {
          "line": 10,
          "column": 40
        },
        "end": {
          "line": 10,
          "column": 85
        }
      },
      "2": {
        "start": {
          "line": 17,
          "column": 40
        },
        "end": {
          "line": 17,
          "column": 85
        }
      }
    },
    "fnMap": {
      "0": {
        "name": "Performance",
        "decl": {
          "start": {
            "line": 4,
            "column": 24
          },
          "end": {
            "line": 4,
            "column": 35
          }
        },
        "loc": {
          "start": {
            "line": 4,
            "column": 38
          },
          "end": {
            "line": 25,
            "column": 1
          }
        },
        "line": 4
      },
      "1": {
        "name": "(anonymous_1)",
        "decl": {
          "start": {
            "line": 10,
            "column": 21
          },
          "end": {
            "line": 10,
            "column": 22
          }
        },
        "loc": {
          "start": {
            "line": 10,
            "column": 40
          },
          "end": {
            "line": 10,
            "column": 85
          }
        },
        "line": 10
      },
      "2": {
        "name": "(anonymous_2)",
        "decl": {
          "start": {
            "line": 17,
            "column": 21
          },
          "end": {
            "line": 17,
            "column": 22
          }
        },
        "loc": {
          "start": {
            "line": 17,
            "column": 40
          },
          "end": {
            "line": 17,
            "column": 85
          }
        },
        "line": 17
      }
    },
    "branchMap": {
      "0": {
        "loc": {
          "start": {
            "line": 10,
            "column": 40
          },
          "end": {
            "line": 10,
            "column": 85
          }
        },
        "type": "cond-expr",
        "locations": [
          {
            "start": {
              "line": 10,
              "column": 51
            },
            "end": {
              "line": 10,
              "column": 80
            }
          },
          {
            "start": {
              "line": 10,
              "column": 83
            },
            "end": {
              "line": 10,
              "column": 85
            }
          }
        ],
        "line": 10
      },
      "1": {
        "loc": {
          "start": {
            "line": 17,
            "column": 40
          },
          "end": {
            "line": 17,
            "column": 85
          }
        },
        "type": "cond-expr",
        "locations": [
          {
            "start": {
              "line": 17,
              "column": 51
            },
            "end": {
              "line": 17,
              "column": 80
            }
          },
          {
            "start": {
              "line": 17,
              "column": 83
            },
            "end": {
              "line": 17,
              "column": 85
            }
          }
        ],
        "line": 17
      }
    },
    "s": {
      "0": 3,
      "1": 6,
      "2": 6
    },
    "f": {
      "0": 3,
      "1": 6,
      "2": 6
    },
    "b": {
      "0": [
        1,
        5
      ],
      "1": [
        2,
        4
      ]
    },
    "_coverageSchema": "1a1c01bbd47fc00a2c39e90264f33305004495a9",
    "hash": "aeec144d3335f3c78050c1cd6baf8287274bf156"
  },
  "C:\\Users\\aslag\\Desktop\\Capstone\\Neapolitan\\client\\src\\components\\Reporting.js": {
    "path": "C:\\Users\\aslag\\Desktop\\Capstone\\Neapolitan\\client\\src\\components\\Reporting.js",
    "statementMap": {
      "0": {
        "start": {
          "line": 1,
          "column": 18
        },
        "end": {
          "line": 7,
          "column": 1
        }
      },
      "1": {
        "start": {
          "line": 2,
          "column": 2
        },
        "end": {
          "line": 6,
          "column": 4
        }
      }
    },
    "fnMap": {
      "0": {
        "name": "(anonymous_0)",
        "decl": {
          "start": {
            "line": 1,
            "column": 18
          },
          "end": {
            "line": 1,
            "column": 19
          }
        },
        "loc": {
          "start": {
            "line": 1,
            "column": 24
          },
          "end": {
            "line": 7,
            "column": 1
          }
        },
        "line": 1
      }
    },
    "branchMap": {},
    "s": {
      "0": 15,
      "1": 0
    },
    "f": {
      "0": 0
    },
    "b": {},
    "_coverageSchema": "1a1c01bbd47fc00a2c39e90264f33305004495a9",
    "hash": "74ecfa1e003ff6a8cf15f2bb3bdc8c6b25ea9ad6"
  },
  "C:\\Users\\aslag\\Desktop\\Capstone\\Neapolitan\\client\\src\\components\\Dashboard.js": {
    "path": "C:\\Users\\aslag\\Desktop\\Capstone\\Neapolitan\\client\\src\\components\\Dashboard.js",
    "statementMap": {
      "0": {
        "start": {
          "line": 1,
          "column": 18
        },
        "end": {
          "line": 7,
          "column": 1
        }
      },
      "1": {
        "start": {
          "line": 2,
          "column": 2
        },
        "end": {
          "line": 6,
          "column": 4
        }
      }
    },
    "fnMap": {
      "0": {
        "name": "(anonymous_0)",
        "decl": {
          "start": {
            "line": 1,
            "column": 18
          },
          "end": {
            "line": 1,
            "column": 19
          }
        },
        "loc": {
          "start": {
            "line": 1,
            "column": 24
          },
          "end": {
            "line": 7,
            "column": 1
          }
        },
        "line": 1
      }
    },
    "branchMap": {},
    "s": {
      "0": 15,
      "1": 1
    },
    "f": {
      "0": 1
    },
    "b": {},
    "_coverageSchema": "1a1c01bbd47fc00a2c39e90264f33305004495a9",
    "hash": "51efc75a66833540d24f006ff26a4ff4eebc77c4"
  },
  "C:\\Users\\aslag\\Desktop\\Capstone\\Neapolitan\\client\\src\\components\\Configuration.js": {
    "path": "C:\\Users\\aslag\\Desktop\\Capstone\\Neapolitan\\client\\src\\components\\Configuration.js",
    "statementMap": {
      "0": {
        "start": {
          "line": 5,
          "column": 2
        },
        "end": {
          "line": 30,
          "column": 4
        }
      },
      "1": {
        "start": {
          "line": 10,
          "column": 40
        },
        "end": {
          "line": 10,
          "column": 80
        }
      },
      "2": {
        "start": {
          "line": 17,
          "column": 40
        },
        "end": {
          "line": 17,
          "column": 80
        }
      },
      "3": {
        "start": {
          "line": 23,
          "column": 40
        },
        "end": {
          "line": 23,
          "column": 80
        }
      }
    },
    "fnMap": {
      "0": {
        "name": "Configuration",
        "decl": {
          "start": {
            "line": 4,
            "column": 24
          },
          "end": {
            "line": 4,
            "column": 37
          }
        },
        "loc": {
          "start": {
            "line": 4,
            "column": 40
          },
          "end": {
            "line": 31,
            "column": 1
          }
        },
        "line": 4
      },
      "1": {
        "name": "(anonymous_1)",
        "decl": {
          "start": {
            "line": 10,
            "column": 21
          },
          "end": {
            "line": 10,
            "column": 22
          }
        },
        "loc": {
          "start": {
            "line": 10,
            "column": 40
          },
          "end": {
            "line": 10,
            "column": 80
          }
        },
        "line": 10
      },
      "2": {
        "name": "(anonymous_2)",
        "decl": {
          "start": {
            "line": 17,
            "column": 21
          },
          "end": {
            "line": 17,
            "column": 22
          }
        },
        "loc": {
          "start": {
            "line": 17,
            "column": 40
          },
          "end": {
            "line": 17,
            "column": 80
          }
        },
        "line": 17
      },
      "3": {
        "name": "(anonymous_3)",
        "decl": {
          "start": {
            "line": 23,
            "column": 21
          },
          "end": {
            "line": 23,
            "column": 22
          }
        },
        "loc": {
          "start": {
            "line": 23,
            "column": 40
          },
          "end": {
            "line": 23,
            "column": 80
          }
        },
        "line": 23
      }
    },
    "branchMap": {
      "0": {
        "loc": {
          "start": {
            "line": 10,
            "column": 40
          },
          "end": {
            "line": 10,
            "column": 80
          }
        },
        "type": "cond-expr",
        "locations": [
          {
            "start": {
              "line": 10,
              "column": 51
            },
            "end": {
              "line": 10,
              "column": 75
            }
          },
          {
            "start": {
              "line": 10,
              "column": 78
            },
            "end": {
              "line": 10,
              "column": 80
            }
          }
        ],
        "line": 10
      },
      "1": {
        "loc": {
          "start": {
            "line": 17,
            "column": 40
          },
          "end": {
            "line": 17,
            "column": 80
          }
        },
        "type": "cond-expr",
        "locations": [
          {
            "start": {
              "line": 17,
              "column": 51
            },
            "end": {
              "line": 17,
              "column": 75
            }
          },
          {
            "start": {
              "line": 17,
              "column": 78
            },
            "end": {
              "line": 17,
              "column": 80
            }
          }
        ],
        "line": 17
      },
      "2": {
        "loc": {
          "start": {
            "line": 23,
            "column": 40
          },
          "end": {
            "line": 23,
            "column": 80
          }
        },
        "type": "cond-expr",
        "locations": [
          {
            "start": {
              "line": 23,
              "column": 51
            },
            "end": {
              "line": 23,
              "column": 75
            }
          },
          {
            "start": {
              "line": 23,
              "column": 78
            },
            "end": {
              "line": 23,
              "column": 80
            }
          }
        ],
        "line": 23
      }
    },
    "s": {
      "0": 2,
      "1": 9,
      "2": 9,
      "3": 9
    },
    "f": {
      "0": 2,
      "1": 9,
      "2": 9,
      "3": 9
    },
    "b": {
      "0": [
        5,
        4
      ],
      "1": [
        1,
        8
      ],
      "2": [
        1,
        8
      ]
    },
    "_coverageSchema": "1a1c01bbd47fc00a2c39e90264f33305004495a9",
    "hash": "5ee8ae67e93a18d762b05f515dba976597eb0229"
  },
  "C:\\Users\\aslag\\Desktop\\Capstone\\Neapolitan\\client\\src\\components\\ConfigFacility.js": {
    "path": "C:\\Users\\aslag\\Desktop\\Capstone\\Neapolitan\\client\\src\\components\\ConfigFacility.js",
    "statementMap": {
      "0": {
        "start": {
          "line": 5,
          "column": 2
        },
        "end": {
          "line": 30,
          "column": 4
        }
      },
      "1": {
        "start": {
          "line": 10,
          "column": 40
        },
        "end": {
          "line": 10,
          "column": 89
        }
      },
      "2": {
        "start": {
          "line": 17,
          "column": 40
        },
        "end": {
          "line": 17,
          "column": 89
        }
      },
      "3": {
        "start": {
          "line": 23,
          "column": 40
        },
        "end": {
          "line": 23,
          "column": 89
        }
      }
    },
    "fnMap": {
      "0": {
        "name": "ConfigFacility",
        "decl": {
          "start": {
            "line": 4,
            "column": 24
          },
          "end": {
            "line": 4,
            "column": 38
          }
        },
        "loc": {
          "start": {
            "line": 4,
            "column": 41
          },
          "end": {
            "line": 31,
            "column": 1
          }
        },
        "line": 4
      },
      "1": {
        "name": "(anonymous_1)",
        "decl": {
          "start": {
            "line": 10,
            "column": 21
          },
          "end": {
            "line": 10,
            "column": 22
          }
        },
        "loc": {
          "start": {
            "line": 10,
            "column": 40
          },
          "end": {
            "line": 10,
            "column": 89
          }
        },
        "line": 10
      },
      "2": {
        "name": "(anonymous_2)",
        "decl": {
          "start": {
            "line": 17,
            "column": 21
          },
          "end": {
            "line": 17,
            "column": 22
          }
        },
        "loc": {
          "start": {
            "line": 17,
            "column": 40
          },
          "end": {
            "line": 17,
            "column": 89
          }
        },
        "line": 17
      },
      "3": {
        "name": "(anonymous_3)",
        "decl": {
          "start": {
            "line": 23,
            "column": 21
          },
          "end": {
            "line": 23,
            "column": 22
          }
        },
        "loc": {
          "start": {
            "line": 23,
            "column": 40
          },
          "end": {
            "line": 23,
            "column": 89
          }
        },
        "line": 23
      }
    },
    "branchMap": {
      "0": {
        "loc": {
          "start": {
            "line": 10,
            "column": 40
          },
          "end": {
            "line": 10,
            "column": 89
          }
        },
        "type": "cond-expr",
        "locations": [
          {
            "start": {
              "line": 10,
              "column": 51
            },
            "end": {
              "line": 10,
              "column": 84
            }
          },
          {
            "start": {
              "line": 10,
              "column": 87
            },
            "end": {
              "line": 10,
              "column": 89
            }
          }
        ],
        "line": 10
      },
      "1": {
        "loc": {
          "start": {
            "line": 17,
            "column": 40
          },
          "end": {
            "line": 17,
            "column": 89
          }
        },
        "type": "cond-expr",
        "locations": [
          {
            "start": {
              "line": 17,
              "column": 51
            },
            "end": {
              "line": 17,
              "column": 84
            }
          },
          {
            "start": {
              "line": 17,
              "column": 87
            },
            "end": {
              "line": 17,
              "column": 89
            }
          }
        ],
        "line": 17
      },
      "2": {
        "loc": {
          "start": {
            "line": 23,
            "column": 40
          },
          "end": {
            "line": 23,
            "column": 89
          }
        },
        "type": "cond-expr",
        "locations": [
          {
            "start": {
              "line": 23,
              "column": 51
            },
            "end": {
              "line": 23,
              "column": 84
            }
          },
          {
            "start": {
              "line": 23,
              "column": 87
            },
            "end": {
              "line": 23,
              "column": 89
            }
          }
        ],
        "line": 23
      }
    },
    "s": {
      "0": 2,
      "1": 5,
      "2": 5,
      "3": 5
    },
    "f": {
      "0": 2,
      "1": 5,
      "2": 5,
      "3": 5
    },
    "b": {
      "0": [
        1,
        4
      ],
      "1": [
        1,
        4
      ],
      "2": [
        1,
        4
      ]
    },
    "_coverageSchema": "1a1c01bbd47fc00a2c39e90264f33305004495a9",
    "hash": "9733eca64c31cf4b47c74e7bced701d3f3264d09"
  },
  "C:\\Users\\aslag\\Desktop\\Capstone\\Neapolitan\\client\\src\\components\\ConfigBank.js": {
    "path": "C:\\Users\\aslag\\Desktop\\Capstone\\Neapolitan\\client\\src\\components\\ConfigBank.js",
    "statementMap": {
      "0": {
        "start": {
          "line": 1,
          "column": 19
        },
        "end": {
          "line": 7,
          "column": 1
        }
      },
      "1": {
        "start": {
          "line": 2,
          "column": 2
        },
        "end": {
          "line": 6,
          "column": 4
        }
      }
    },
    "fnMap": {
      "0": {
        "name": "(anonymous_0)",
        "decl": {
          "start": {
            "line": 1,
            "column": 19
          },
          "end": {
            "line": 1,
            "column": 20
          }
        },
        "loc": {
          "start": {
            "line": 1,
            "column": 25
          },
          "end": {
            "line": 7,
            "column": 1
          }
        },
        "line": 1
      }
    },
    "branchMap": {},
    "s": {
      "0": 15,
      "1": 1
    },
    "f": {
      "0": 1
    },
    "b": {},
    "_coverageSchema": "1a1c01bbd47fc00a2c39e90264f33305004495a9",
    "hash": "12ea38b4449cc8954873337458078bbaf0b334b6"
  },
  "C:\\Users\\aslag\\Desktop\\Capstone\\Neapolitan\\client\\src\\components\\ConfigPortfolio.js": {
    "path": "C:\\Users\\aslag\\Desktop\\Capstone\\Neapolitan\\client\\src\\components\\ConfigPortfolio.js",
    "statementMap": {
      "0": {
        "start": {
          "line": 1,
          "column": 24
        },
        "end": {
          "line": 7,
          "column": 1
        }
      },
      "1": {
        "start": {
          "line": 2,
          "column": 2
        },
        "end": {
          "line": 6,
          "column": 4
        }
      }
    },
    "fnMap": {
      "0": {
        "name": "(anonymous_0)",
        "decl": {
          "start": {
            "line": 1,
            "column": 24
          },
          "end": {
            "line": 1,
            "column": 25
          }
        },
        "loc": {
          "start": {
            "line": 1,
            "column": 30
          },
          "end": {
            "line": 7,
            "column": 1
          }
        },
        "line": 1
      }
    },
    "branchMap": {},
    "s": {
      "0": 15,
      "1": 1
    },
    "f": {
      "0": 1
    },
    "b": {},
    "_coverageSchema": "1a1c01bbd47fc00a2c39e90264f33305004495a9",
    "hash": "08f15440cbfb112303383ce19592c56a67dff250"
  },
  "C:\\Users\\aslag\\Desktop\\Capstone\\Neapolitan\\client\\src\\components\\DebtFacilityCreate.js": {
    "path": "C:\\Users\\aslag\\Desktop\\Capstone\\Neapolitan\\client\\src\\components\\DebtFacilityCreate.js",
    "statementMap": {
      "0": {
        "start": {
          "line": 17,
          "column": 38
        },
        "end": {
          "line": 17,
          "column": 50
        }
      },
      "1": {
        "start": {
          "line": 18,
          "column": 44
        },
        "end": {
          "line": 18,
          "column": 56
        }
      },
      "2": {
        "start": {
          "line": 19,
          "column": 46
        },
        "end": {
          "line": 19,
          "column": 60
        }
      },
      "3": {
        "start": {
          "line": 20,
          "column": 50
        },
        "end": {
          "line": 20,
          "column": 64
        }
      },
      "4": {
        "start": {
          "line": 21,
          "column": 52
        },
        "end": {
          "line": 21,
          "column": 66
        }
      },
      "5": {
        "start": {
          "line": 22,
          "column": 56
        },
        "end": {
          "line": 22,
          "column": 70
        }
      },
      "6": {
        "start": {
          "line": 23,
          "column": 42
        },
        "end": {
          "line": 23,
          "column": 54
        }
      },
      "7": {
        "start": {
          "line": 24,
          "column": 46
        },
        "end": {
          "line": 24,
          "column": 58
        }
      },
      "8": {
        "start": {
          "line": 25,
          "column": 42
        },
        "end": {
          "line": 25,
          "column": 54
        }
      },
      "9": {
        "start": {
          "line": 26,
          "column": 50
        },
        "end": {
          "line": 26,
          "column": 64
        }
      },
      "10": {
        "start": {
          "line": 27,
          "column": 44
        },
        "end": {
          "line": 27,
          "column": 59
        }
      },
      "11": {
        "start": {
          "line": 28,
          "column": 46
        },
        "end": {
          "line": 28,
          "column": 60
        }
      },
      "12": {
        "start": {
          "line": 29,
          "column": 54
        },
        "end": {
          "line": 29,
          "column": 69
        }
      },
      "13": {
        "start": {
          "line": 30,
          "column": 44
        },
        "end": {
          "line": 30,
          "column": 58
        }
      },
      "14": {
        "start": {
          "line": 31,
          "column": 46
        },
        "end": {
          "line": 31,
          "column": 60
        }
      },
      "15": {
        "start": {
          "line": 32,
          "column": 44
        },
        "end": {
          "line": 32,
          "column": 58
        }
      },
      "16": {
        "start": {
          "line": 33,
          "column": 48
        },
        "end": {
          "line": 33,
          "column": 63
        }
      },
      "17": {
        "start": {
          "line": 34,
          "column": 44
        },
        "end": {
          "line": 34,
          "column": 58
        }
      },
      "18": {
        "start": {
          "line": 35,
          "column": 32
        },
        "end": {
          "line": 35,
          "column": 44
        }
      },
      "19": {
        "start": {
          "line": 40,
          "column": 2
        },
        "end": {
          "line": 59,
          "column": 9
        }
      },
      "20": {
        "start": {
          "line": 42,
          "column": 6
        },
        "end": {
          "line": 55,
          "column": 7
        }
      },
      "21": {
        "start": {
          "line": 43,
          "column": 33
        },
        "end": {
          "line": 45,
          "column": 9
        }
      },
      "22": {
        "start": {
          "line": 46,
          "column": 21
        },
        "end": {
          "line": 46,
          "column": 42
        }
      },
      "23": {
        "start": {
          "line": 47,
          "column": 30
        },
        "end": {
          "line": 51,
          "column": 10
        }
      },
      "24": {
        "start": {
          "line": 48,
          "column": 34
        },
        "end": {
          "line": 48,
          "column": 57
        }
      },
      "25": {
        "start": {
          "line": 49,
          "column": 35
        },
        "end": {
          "line": 49,
          "column": 59
        }
      },
      "26": {
        "start": {
          "line": 50,
          "column": 10
        },
        "end": {
          "line": 50,
          "column": 65
        }
      },
      "27": {
        "start": {
          "line": 52,
          "column": 8
        },
        "end": {
          "line": 52,
          "column": 37
        }
      },
      "28": {
        "start": {
          "line": 54,
          "column": 8
        },
        "end": {
          "line": 54,
          "column": 49
        }
      },
      "29": {
        "start": {
          "line": 58,
          "column": 4
        },
        "end": {
          "line": 58,
          "column": 20
        }
      },
      "30": {
        "start": {
          "line": 64,
          "column": 2
        },
        "end": {
          "line": 77,
          "column": 9
        }
      },
      "31": {
        "start": {
          "line": 66,
          "column": 6
        },
        "end": {
          "line": 73,
          "column": 7
        }
      },
      "32": {
        "start": {
          "line": 67,
          "column": 33
        },
        "end": {
          "line": 69,
          "column": 9
        }
      },
      "33": {
        "start": {
          "line": 70,
          "column": 8
        },
        "end": {
          "line": 70,
          "column": 48
        }
      },
      "34": {
        "start": {
          "line": 72,
          "column": 8
        },
        "end": {
          "line": 72,
          "column": 49
        }
      },
      "35": {
        "start": {
          "line": 76,
          "column": 4
        },
        "end": {
          "line": 76,
          "column": 23
        }
      },
      "36": {
        "start": {
          "line": 82,
          "column": 2
        },
        "end": {
          "line": 85,
          "column": 23
        }
      },
      "37": {
        "start": {
          "line": 83,
          "column": 4
        },
        "end": {
          "line": 83,
          "column": 32
        }
      },
      "38": {
        "start": {
          "line": 83,
          "column": 25
        },
        "end": {
          "line": 83,
          "column": 32
        }
      },
      "39": {
        "start": {
          "line": 84,
          "column": 4
        },
        "end": {
          "line": 84,
          "column": 50
        }
      },
      "40": {
        "start": {
          "line": 90,
          "column": 2
        },
        "end": {
          "line": 93,
          "column": 26
        }
      },
      "41": {
        "start": {
          "line": 91,
          "column": 4
        },
        "end": {
          "line": 91,
          "column": 35
        }
      },
      "42": {
        "start": {
          "line": 91,
          "column": 28
        },
        "end": {
          "line": 91,
          "column": 35
        }
      },
      "43": {
        "start": {
          "line": 92,
          "column": 4
        },
        "end": {
          "line": 92,
          "column": 59
        }
      },
      "44": {
        "start": {
          "line": 96,
          "column": 4
        },
        "end": {
          "line": 106,
          "column": 5
        }
      },
      "45": {
        "start": {
          "line": 104,
          "column": 6
        },
        "end": {
          "line": 104,
          "column": 83
        }
      },
      "46": {
        "start": {
          "line": 105,
          "column": 6
        },
        "end": {
          "line": 105,
          "column": 13
        }
      },
      "47": {
        "start": {
          "line": 107,
          "column": 4
        },
        "end": {
          "line": 110,
          "column": 5
        }
      },
      "48": {
        "start": {
          "line": 108,
          "column": 6
        },
        "end": {
          "line": 108,
          "column": 59
        }
      },
      "49": {
        "start": {
          "line": 109,
          "column": 6
        },
        "end": {
          "line": 109,
          "column": 13
        }
      },
      "50": {
        "start": {
          "line": 111,
          "column": 4
        },
        "end": {
          "line": 114,
          "column": 5
        }
      },
      "51": {
        "start": {
          "line": 112,
          "column": 6
        },
        "end": {
          "line": 112,
          "column": 61
        }
      },
      "52": {
        "start": {
          "line": 113,
          "column": 6
        },
        "end": {
          "line": 113,
          "column": 13
        }
      },
      "53": {
        "start": {
          "line": 115,
          "column": 4
        },
        "end": {
          "line": 153,
          "column": 5
        }
      },
      "54": {
        "start": {
          "line": 116,
          "column": 23
        },
        "end": {
          "line": 146,
          "column": 7
        }
      },
      "55": {
        "start": {
          "line": 147,
          "column": 6
        },
        "end": {
          "line": 150,
          "column": 7
        }
      },
      "56": {
        "start": {
          "line": 148,
          "column": 8
        },
        "end": {
          "line": 148,
          "column": 20
        }
      },
      "57": {
        "start": {
          "line": 149,
          "column": 8
        },
        "end": {
          "line": 149,
          "column": 52
        }
      },
      "58": {
        "start": {
          "line": 152,
          "column": 6
        },
        "end": {
          "line": 152,
          "column": 62
        }
      },
      "59": {
        "start": {
          "line": 157,
          "column": 4
        },
        "end": {
          "line": 157,
          "column": 28
        }
      },
      "60": {
        "start": {
          "line": 158,
          "column": 4
        },
        "end": {
          "line": 158,
          "column": 31
        }
      },
      "61": {
        "start": {
          "line": 159,
          "column": 4
        },
        "end": {
          "line": 159,
          "column": 24
        }
      },
      "62": {
        "start": {
          "line": 160,
          "column": 4
        },
        "end": {
          "line": 160,
          "column": 26
        }
      },
      "63": {
        "start": {
          "line": 161,
          "column": 4
        },
        "end": {
          "line": 161,
          "column": 24
        }
      },
      "64": {
        "start": {
          "line": 162,
          "column": 4
        },
        "end": {
          "line": 162,
          "column": 28
        }
      },
      "65": {
        "start": {
          "line": 163,
          "column": 4
        },
        "end": {
          "line": 163,
          "column": 28
        }
      },
      "66": {
        "start": {
          "line": 164,
          "column": 4
        },
        "end": {
          "line": 164,
          "column": 26
        }
      },
      "67": {
        "start": {
          "line": 165,
          "column": 4
        },
        "end": {
          "line": 165,
          "column": 33
        }
      },
      "68": {
        "start": {
          "line": 166,
          "column": 4
        },
        "end": {
          "line": 166,
          "column": 25
        }
      },
      "69": {
        "start": {
          "line": 167,
          "column": 4
        },
        "end": {
          "line": 167,
          "column": 26
        }
      },
      "70": {
        "start": {
          "line": 168,
          "column": 4
        },
        "end": {
          "line": 168,
          "column": 25
        }
      },
      "71": {
        "start": {
          "line": 169,
          "column": 4
        },
        "end": {
          "line": 169,
          "column": 30
        }
      },
      "72": {
        "start": {
          "line": 170,
          "column": 4
        },
        "end": {
          "line": 170,
          "column": 25
        }
      },
      "73": {
        "start": {
          "line": 171,
          "column": 4
        },
        "end": {
          "line": 171,
          "column": 19
        }
      },
      "74": {
        "start": {
          "line": 174,
          "column": 2
        },
        "end": {
          "line": 492,
          "column": 4
        }
      },
      "75": {
        "start": {
          "line": 194,
          "column": 35
        },
        "end": {
          "line": 194,
          "column": 70
        }
      },
      "76": {
        "start": {
          "line": 210,
          "column": 45
        },
        "end": {
          "line": 210,
          "column": 72
        }
      },
      "77": {
        "start": {
          "line": 211,
          "column": 42
        },
        "end": {
          "line": 211,
          "column": 66
        }
      },
      "78": {
        "start": {
          "line": 212,
          "column": 39
        },
        "end": {
          "line": 212,
          "column": 93
        }
      },
      "79": {
        "start": {
          "line": 225,
          "column": 45
        },
        "end": {
          "line": 225,
          "column": 75
        }
      },
      "80": {
        "start": {
          "line": 226,
          "column": 42
        },
        "end": {
          "line": 226,
          "column": 69
        }
      },
      "81": {
        "start": {
          "line": 227,
          "column": 39
        },
        "end": {
          "line": 227,
          "column": 96
        }
      },
      "82": {
        "start": {
          "line": 239,
          "column": 18
        },
        "end": {
          "line": 239,
          "column": 81
        }
      },
      "83": {
        "start": {
          "line": 258,
          "column": 18
        },
        "end": {
          "line": 258,
          "column": 79
        }
      },
      "84": {
        "start": {
          "line": 278,
          "column": 40
        },
        "end": {
          "line": 278,
          "column": 77
        }
      },
      "85": {
        "start": {
          "line": 305,
          "column": 35
        },
        "end": {
          "line": 305,
          "column": 69
        }
      },
      "86": {
        "start": {
          "line": 322,
          "column": 38
        },
        "end": {
          "line": 322,
          "column": 73
        }
      },
      "87": {
        "start": {
          "line": 348,
          "column": 35
        },
        "end": {
          "line": 348,
          "column": 74
        }
      },
      "88": {
        "start": {
          "line": 368,
          "column": 40
        },
        "end": {
          "line": 368,
          "column": 74
        }
      },
      "89": {
        "start": {
          "line": 384,
          "column": 40
        },
        "end": {
          "line": 384,
          "column": 75
        }
      },
      "90": {
        "start": {
          "line": 400,
          "column": 40
        },
        "end": {
          "line": 400,
          "column": 74
        }
      },
      "91": {
        "start": {
          "line": 427,
          "column": 35
        },
        "end": {
          "line": 427,
          "column": 71
        }
      },
      "92": {
        "start": {
          "line": 444,
          "column": 38
        },
        "end": {
          "line": 444,
          "column": 72
        }
      }
    },
    "fnMap": {
      "0": {
        "name": "DebtFacilityCreate",
        "decl": {
          "start": {
            "line": 16,
            "column": 9
          },
          "end": {
            "line": 16,
            "column": 27
          }
        },
        "loc": {
          "start": {
            "line": 16,
            "column": 30
          },
          "end": {
            "line": 493,
            "column": 1
          }
        },
        "line": 16
      },
      "1": {
        "name": "(anonymous_1)",
        "decl": {
          "start": {
            "line": 40,
            "column": 12
          },
          "end": {
            "line": 40,
            "column": 13
          }
        },
        "loc": {
          "start": {
            "line": 40,
            "column": 18
          },
          "end": {
            "line": 59,
            "column": 3
          }
        },
        "line": 40
      },
      "2": {
        "name": "getLenderData",
        "decl": {
          "start": {
            "line": 41,
            "column": 19
          },
          "end": {
            "line": 41,
            "column": 32
          }
        },
        "loc": {
          "start": {
            "line": 41,
            "column": 35
          },
          "end": {
            "line": 56,
            "column": 5
          }
        },
        "line": 41
      },
      "3": {
        "name": "(anonymous_3)",
        "decl": {
          "start": {
            "line": 47,
            "column": 40
          },
          "end": {
            "line": 47,
            "column": 41
          }
        },
        "loc": {
          "start": {
            "line": 47,
            "column": 59
          },
          "end": {
            "line": 51,
            "column": 9
          }
        },
        "line": 47
      },
      "4": {
        "name": "(anonymous_4)",
        "decl": {
          "start": {
            "line": 64,
            "column": 12
          },
          "end": {
            "line": 64,
            "column": 13
          }
        },
        "loc": {
          "start": {
            "line": 64,
            "column": 18
          },
          "end": {
            "line": 77,
            "column": 3
          }
        },
        "line": 64
      },
      "5": {
        "name": "getPortfolioData",
        "decl": {
          "start": {
            "line": 65,
            "column": 19
          },
          "end": {
            "line": 65,
            "column": 35
          }
        },
        "loc": {
          "start": {
            "line": 65,
            "column": 38
          },
          "end": {
            "line": 74,
            "column": 5
          }
        },
        "line": 65
      },
      "6": {
        "name": "(anonymous_6)",
        "decl": {
          "start": {
            "line": 82,
            "column": 12
          },
          "end": {
            "line": 82,
            "column": 13
          }
        },
        "loc": {
          "start": {
            "line": 82,
            "column": 18
          },
          "end": {
            "line": 85,
            "column": 3
          }
        },
        "line": 82
      },
      "7": {
        "name": "(anonymous_7)",
        "decl": {
          "start": {
            "line": 90,
            "column": 12
          },
          "end": {
            "line": 90,
            "column": 13
          }
        },
        "loc": {
          "start": {
            "line": 90,
            "column": 18
          },
          "end": {
            "line": 93,
            "column": 3
          }
        },
        "line": 90
      },
      "8": {
        "name": "postFacility",
        "decl": {
          "start": {
            "line": 95,
            "column": 17
          },
          "end": {
            "line": 95,
            "column": 29
          }
        },
        "loc": {
          "start": {
            "line": 95,
            "column": 32
          },
          "end": {
            "line": 154,
            "column": 3
          }
        },
        "line": 95
      },
      "9": {
        "name": "clearData",
        "decl": {
          "start": {
            "line": 156,
            "column": 11
          },
          "end": {
            "line": 156,
            "column": 20
          }
        },
        "loc": {
          "start": {
            "line": 156,
            "column": 23
          },
          "end": {
            "line": 172,
            "column": 3
          }
        },
        "line": 156
      },
      "10": {
        "name": "(anonymous_10)",
        "decl": {
          "start": {
            "line": 194,
            "column": 24
          },
          "end": {
            "line": 194,
            "column": 25
          }
        },
        "loc": {
          "start": {
            "line": 194,
            "column": 35
          },
          "end": {
            "line": 194,
            "column": 70
          }
        },
        "line": 194
      },
      "11": {
        "name": "(anonymous_11)",
        "decl": {
          "start": {
            "line": 210,
            "column": 24
          },
          "end": {
            "line": 210,
            "column": 25
          }
        },
        "loc": {
          "start": {
            "line": 210,
            "column": 45
          },
          "end": {
            "line": 210,
            "column": 72
          }
        },
        "line": 210
      },
      "12": {
        "name": "(anonymous_12)",
        "decl": {
          "start": {
            "line": 211,
            "column": 30
          },
          "end": {
            "line": 211,
            "column": 31
          }
        },
        "loc": {
          "start": {
            "line": 211,
            "column": 42
          },
          "end": {
            "line": 211,
            "column": 66
          }
        },
        "line": 211
      },
      "13": {
        "name": "(anonymous_13)",
        "decl": {
          "start": {
            "line": 212,
            "column": 27
          },
          "end": {
            "line": 212,
            "column": 28
          }
        },
        "loc": {
          "start": {
            "line": 212,
            "column": 39
          },
          "end": {
            "line": 212,
            "column": 93
          }
        },
        "line": 212
      },
      "14": {
        "name": "(anonymous_14)",
        "decl": {
          "start": {
            "line": 225,
            "column": 24
          },
          "end": {
            "line": 225,
            "column": 25
          }
        },
        "loc": {
          "start": {
            "line": 225,
            "column": 45
          },
          "end": {
            "line": 225,
            "column": 75
          }
        },
        "line": 225
      },
      "15": {
        "name": "(anonymous_15)",
        "decl": {
          "start": {
            "line": 226,
            "column": 30
          },
          "end": {
            "line": 226,
            "column": 31
          }
        },
        "loc": {
          "start": {
            "line": 226,
            "column": 42
          },
          "end": {
            "line": 226,
            "column": 69
          }
        },
        "line": 226
      },
      "16": {
        "name": "(anonymous_16)",
        "decl": {
          "start": {
            "line": 227,
            "column": 27
          },
          "end": {
            "line": 227,
            "column": 28
          }
        },
        "loc": {
          "start": {
            "line": 227,
            "column": 39
          },
          "end": {
            "line": 227,
            "column": 96
          }
        },
        "line": 227
      },
      "17": {
        "name": "(anonymous_17)",
        "decl": {
          "start": {
            "line": 238,
            "column": 26
          },
          "end": {
            "line": 238,
            "column": 27
          }
        },
        "loc": {
          "start": {
            "line": 238,
            "column": 39
          },
          "end": {
            "line": 240,
            "column": 17
          }
        },
        "line": 238
      },
      "18": {
        "name": "(anonymous_18)",
        "decl": {
          "start": {
            "line": 257,
            "column": 26
          },
          "end": {
            "line": 257,
            "column": 27
          }
        },
        "loc": {
          "start": {
            "line": 257,
            "column": 39
          },
          "end": {
            "line": 259,
            "column": 17
          }
        },
        "line": 257
      },
      "19": {
        "name": "(anonymous_19)",
        "decl": {
          "start": {
            "line": 278,
            "column": 29
          },
          "end": {
            "line": 278,
            "column": 30
          }
        },
        "loc": {
          "start": {
            "line": 278,
            "column": 40
          },
          "end": {
            "line": 278,
            "column": 77
          }
        },
        "line": 278
      },
      "20": {
        "name": "(anonymous_20)",
        "decl": {
          "start": {
            "line": 305,
            "column": 28
          },
          "end": {
            "line": 305,
            "column": 29
          }
        },
        "loc": {
          "start": {
            "line": 305,
            "column": 35
          },
          "end": {
            "line": 305,
            "column": 69
          }
        },
        "line": 305
      },
      "21": {
        "name": "(anonymous_21)",
        "decl": {
          "start": {
            "line": 322,
            "column": 27
          },
          "end": {
            "line": 322,
            "column": 28
          }
        },
        "loc": {
          "start": {
            "line": 322,
            "column": 38
          },
          "end": {
            "line": 322,
            "column": 73
          }
        },
        "line": 322
      },
      "22": {
        "name": "(anonymous_22)",
        "decl": {
          "start": {
            "line": 348,
            "column": 28
          },
          "end": {
            "line": 348,
            "column": 29
          }
        },
        "loc": {
          "start": {
            "line": 348,
            "column": 35
          },
          "end": {
            "line": 348,
            "column": 74
          }
        },
        "line": 348
      },
      "23": {
        "name": "(anonymous_23)",
        "decl": {
          "start": {
            "line": 368,
            "column": 29
          },
          "end": {
            "line": 368,
            "column": 30
          }
        },
        "loc": {
          "start": {
            "line": 368,
            "column": 40
          },
          "end": {
            "line": 368,
            "column": 74
          }
        },
        "line": 368
      },
      "24": {
        "name": "(anonymous_24)",
        "decl": {
          "start": {
            "line": 384,
            "column": 29
          },
          "end": {
            "line": 384,
            "column": 30
          }
        },
        "loc": {
          "start": {
            "line": 384,
            "column": 40
          },
          "end": {
            "line": 384,
            "column": 75
          }
        },
        "line": 384
      },
      "25": {
        "name": "(anonymous_25)",
        "decl": {
          "start": {
            "line": 400,
            "column": 29
          },
          "end": {
            "line": 400,
            "column": 30
          }
        },
        "loc": {
          "start": {
            "line": 400,
            "column": 40
          },
          "end": {
            "line": 400,
            "column": 74
          }
        },
        "line": 400
      },
      "26": {
        "name": "(anonymous_26)",
        "decl": {
          "start": {
            "line": 427,
            "column": 28
          },
          "end": {
            "line": 427,
            "column": 29
          }
        },
        "loc": {
          "start": {
            "line": 427,
            "column": 35
          },
          "end": {
            "line": 427,
            "column": 71
          }
        },
        "line": 427
      },
      "27": {
        "name": "(anonymous_27)",
        "decl": {
          "start": {
            "line": 444,
            "column": 27
          },
          "end": {
            "line": 444,
            "column": 28
          }
        },
        "loc": {
          "start": {
            "line": 444,
            "column": 38
          },
          "end": {
            "line": 444,
            "column": 72
          }
        },
        "line": 444
      }
    },
    "branchMap": {
      "0": {
        "loc": {
          "start": {
            "line": 48,
            "column": 34
          },
          "end": {
            "line": 48,
            "column": 57
          }
        },
        "type": "binary-expr",
        "locations": [
          {
            "start": {
              "line": 48,
              "column": 34
            },
            "end": {
              "line": 48,
              "column": 51
            }
          },
          {
            "start": {
              "line": 48,
              "column": 55
            },
            "end": {
              "line": 48,
              "column": 57
            }
          }
        ],
        "line": 48
      },
      "1": {
        "loc": {
          "start": {
            "line": 49,
            "column": 35
          },
          "end": {
            "line": 49,
            "column": 59
          }
        },
        "type": "binary-expr",
        "locations": [
          {
            "start": {
              "line": 49,
              "column": 35
            },
            "end": {
              "line": 49,
              "column": 53
            }
          },
          {
            "start": {
              "line": 49,
              "column": 57
            },
            "end": {
              "line": 49,
              "column": 59
            }
          }
        ],
        "line": 49
      },
      "2": {
        "loc": {
          "start": {
            "line": 83,
            "column": 4
          },
          "end": {
            "line": 83,
            "column": 32
          }
        },
        "type": "if",
        "locations": [
          {
            "start": {
              "line": 83,
              "column": 4
            },
            "end": {
              "line": 83,
              "column": 32
            }
          },
          {
            "start": {},
            "end": {}
          }
        ],
        "line": 83
      },
      "3": {
        "loc": {
          "start": {
            "line": 91,
            "column": 4
          },
          "end": {
            "line": 91,
            "column": 35
          }
        },
        "type": "if",
        "locations": [
          {
            "start": {
              "line": 91,
              "column": 4
            },
            "end": {
              "line": 91,
              "column": 35
            }
          },
          {
            "start": {},
            "end": {}
          }
        ],
        "line": 91
      },
      "4": {
        "loc": {
          "start": {
            "line": 96,
            "column": 4
          },
          "end": {
            "line": 106,
            "column": 5
          }
        },
        "type": "if",
        "locations": [
          {
            "start": {
              "line": 96,
              "column": 4
            },
            "end": {
              "line": 106,
              "column": 5
            }
          },
          {
            "start": {},
            "end": {}
          }
        ],
        "line": 96
      },
      "5": {
        "loc": {
          "start": {
            "line": 97,
            "column": 6
          },
          "end": {
            "line": 102,
            "column": 23
          }
        },
        "type": "binary-expr",
        "locations": [
          {
            "start": {
              "line": 97,
              "column": 6
            },
            "end": {
              "line": 97,
              "column": 19
            }
          },
          {
            "start": {
              "line": 98,
              "column": 6
            },
            "end": {
              "line": 98,
              "column": 21
            }
          },
          {
            "start": {
              "line": 99,
              "column": 6
            },
            "end": {
              "line": 99,
              "column": 24
            }
          },
          {
            "start": {
              "line": 100,
              "column": 6
            },
            "end": {
[...]
            "column": 33
          },
          "end": {
            "line": 345,
            "column": 34
          }
        },
        "loc": {
          "start": {
            "line": 346,
            "column": 22
          },
          "end": {
            "line": 395,
            "column": 33
          }
        },
        "line": 346
      },
      "23": {
        "name": "(anonymous_23)",
        "decl": {
          "start": {
            "line": 500,
            "column": 33
          },
          "end": {
            "line": 500,
            "column": 34
          }
        },
        "loc": {
          "start": {
            "line": 501,
            "column": 22
          },
          "end": {
            "line": 550,
            "column": 33
          }
        },
        "line": 501
      },
      "24": {
        "name": "(anonymous_24)",
        "decl": {
          "start": {
            "line": 659,
            "column": 33
          },
          "end": {
            "line": 659,
            "column": 34
          }
        },
        "loc": {
          "start": {
            "line": 660,
            "column": 22
          },
          "end": {
            "line": 718,
            "column": 33
          }
        },
        "line": 660
      },
      "25": {
        "name": "(anonymous_25)",
        "decl": {
          "start": {
            "line": 837,
            "column": 33
          },
          "end": {
            "line": 837,
            "column": 34
          }
        },
        "loc": {
          "start": {
            "line": 838,
            "column": 22
          },
          "end": {
            "line": 869,
            "column": 33
          }
        },
        "line": 838
      }
    },
    "branchMap": {
      "0": {
        "loc": {
          "start": {
            "line": 43,
            "column": 25
          },
          "end": {
            "line": 43,
            "column": 36
          }
        },
        "type": "binary-expr",
        "locations": [
          {
            "start": {
              "line": 43,
              "column": 25
            },
            "end": {
              "line": 43,
              "column": 30
            }
          },
          {
            "start": {
              "line": 43,
              "column": 34
            },
            "end": {
              "line": 43,
              "column": 36
            }
          }
        ],
        "line": 43
      },
      "1": {
        "loc": {
          "start": {
            "line": 45,
            "column": 35
          },
          "end": {
            "line": 45,
            "column": 46
          }
        },
        "type": "binary-expr",
        "locations": [
          {
            "start": {
              "line": 45,
              "column": 35
            },
            "end": {
              "line": 45,
              "column": 40
            }
          },
          {
            "start": {
              "line": 45,
              "column": 44
            },
            "end": {
              "line": 45,
              "column": 46
            }
          }
        ],
        "line": 45
      },
      "2": {
        "loc": {
          "start": {
            "line": 51,
            "column": 20
          },
          "end": {
            "line": 51,
            "column": 31
          }
        },
        "type": "binary-expr",
        "locations": [
          {
            "start": {
              "line": 51,
              "column": 20
            },
            "end": {
              "line": 51,
              "column": 25
            }
          },
          {
            "start": {
              "line": 51,
              "column": 29
            },
            "end": {
              "line": 51,
              "column": 31
            }
          }
        ],
        "line": 51
      },
      "3": {
        "loc": {
          "start": {
            "line": 73,
            "column": 4
          },
          "end": {
            "line": 77,
            "column": 5
          }
        },
        "type": "if",
        "locations": [
          {
            "start": {
              "line": 73,
              "column": 4
            },
            "end": {
              "line": 77,
              "column": 5
            }
          },
          {
            "start": {},
            "end": {}
          }
        ],
        "line": 73
      },
      "4": {
        "loc": {
          "start": {
            "line": 96,
            "column": 4
          },
          "end": {
            "line": 100,
            "column": 5
          }
        },
        "type": "if",
        "locations": [
          {
            "start": {
              "line": 96,
              "column": 4
            },
            "end": {
              "line": 100,
              "column": 5
            }
          },
          {
            "start": {},
            "end": {}
          }
        ],
        "line": 96
      },
      "5": {
        "loc": {
          "start": {
            "line": 217,
            "column": 21
          },
          "end": {
            "line": 217,
            "column": 56
          }
        },
        "type": "cond-expr",
        "locations": [
          {
            "start": {
              "line": 217,
              "column": 33
            },
            "end": {
              "line": 217,
              "column": 49
            }
          },
          {
            "start": {
              "line": 217,
              "column": 52
            },
            "end": {
              "line": 217,
              "column": 56
            }
          }
        ],
        "line": 217
      },
      "6": {
        "loc": {
          "start": {
            "line": 219,
            "column": 29
          },
          "end": {
            "line": 219,
            "column": 72
          }
        },
        "type": "cond-expr",
        "locations": [
          {
            "start": {
              "line": 219,
              "column": 39
            },
            "end": {
              "line": 219,
              "column": 67
            }
          },
          {
            "start": {
              "line": 219,
              "column": 70
            },
            "end": {
              "line": 219,
              "column": 72
            }
          }
        ],
        "line": 219
      },
      "7": {
        "loc": {
          "start": {
            "line": 234,
            "column": 21
          },
          "end": {
            "line": 234,
            "column": 52
          }
        },
        "type": "cond-expr",
        "locations": [
          {
            "start": {
              "line": 234,
              "column": 31
            },
            "end": {
              "line": 234,
              "column": 45
            }
          },
          {
            "start": {
              "line": 234,
              "column": 48
            },
            "end": {
              "line": 234,
              "column": 52
            }
          }
        ],
        "line": 234
      },
      "8": {
        "loc": {
          "start": {
            "line": 236,
            "column": 27
          },
          "end": {
            "line": 236,
            "column": 70
          }
        },
        "type": "cond-expr",
        "locations": [
          {
            "start": {
              "line": 236,
              "column": 37
            },
            "end": {
              "line": 236,
              "column": 65
            }
          },
          {
            "start": {
              "line": 236,
              "column": 68
            },
            "end": {
              "line": 236,
              "column": 70
            }
          }
        ],
        "line": 236
      },
      "9": {
        "loc": {
          "start": {
            "line": 294,
            "column": 7
          },
          "end": {
            "line": 1082,
            "column": 7
          }
        },
        "type": "cond-expr",
        "locations": [
          {
            "start": {
              "line": 295,
              "column": 8
            },
            "end": {
              "line": 1079,
              "column": 11
            }
          },
          {
            "start": {
              "line": 1081,
              "column": 8
            },
            "end": {
              "line": 1081,
              "column": 10
            }
          }
        ],
        "line": 294
      },
      "10": {
        "loc": {
          "start": {
            "line": 876,
            "column": 13
          },
          "end": {
            "line": 1077,
            "column": 20
          }
        },
        "type": "cond-expr",
        "locations": [
          {
            "start": {
              "line": 877,
              "column": 14
            },
            "end": {
              "line": 1076,
              "column": 20
            }
          },
          {
            "start": {
              "line": 1077,
              "column": 16
            },
            "end": {
              "line": 1077,
              "column": 20
            }
          }
        ],
        "line": 876
      },
      "11": {
        "loc": {
          "start": {
            "line": 1084,
            "column": 35
          },
          "end": {
            "line": 1084,
            "column": 91
          }
        },
        "type": "binary-expr",
        "locations": [
          {
            "start": {
              "line": 1084,
              "column": 35
            },
            "end": {
              "line": 1084,
              "column": 42
            }
          },
          {
            "start": {
              "line": 1084,
              "column": 46
            },
            "end": {
              "line": 1084,
              "column": 91
            }
          }
        ],
        "line": 1084
      }
    },
    "s": {
      "0": 0,
      "1": 0,
      "2": 0,
      "3": 0,
      "4": 0,
      "5": 0,
      "6": 0,
      "7": 0,
      "8": 0,
      "9": 0,
      "10": 0,
      "11": 0,
      "12": 0,
      "13": 0,
      "14": 0,
      "15": 0,
      "16": 0,
      "17": 0,
      "18": 0,
      "19": 0,
      "20": 0,
      "21": 0,
      "22": 0,
      "23": 0,
      "24": 0,
      "25": 0,
      "26": 0,
      "27": 0,
      "28": 0,
      "29": 0,
      "30": 0,
      "31": 0,
      "32": 0,
      "33": 0,
      "34": 0,
      "35": 0,
      "36": 0,
      "37": 0,
      "38": 0,
      "39": 0,
      "40": 0,
      "41": 0,
      "42": 0,
      "43": 0,
      "44": 0,
      "45": 0,
      "46": 0,
      "47": 0,
      "48": 0,
      "49": 0,
      "50": 0,
      "51": 0,
      "52": 0,
      "53": 0,
      "54": 0,
      "55": 0,
      "56": 0,
      "57": 0,
      "58": 0,
      "59": 0,
      "60": 0,
      "61": 0,
      "62": 0,
      "63": 0,
      "64": 0,
      "65": 0,
      "66": 0,
      "67": 0,
      "68": 0,
      "69": 0,
      "70": 0,
      "71": 0,
      "72": 0,
      "73": 0,
      "74": 0,
      "75": 0,
      "76": 0,
      "77": 0,
      "78": 0,
      "79": 0,
      "80": 0,
      "81": 0,
      "82": 0,
      "83": 0,
      "84": 0,
      "85": 0,
      "86": 0,
      "87": 0,
      "88": 0,
      "89": 0,
      "90": 0,
      "91": 0,
      "92": 0,
      "93": 0,
      "94": 0
    },
    "f": {
      "0": 0,
      "1": 0,
      "2": 0,
      "3": 0,
      "4": 0,
      "5": 0,
      "6": 0,
      "7": 0,
      "8": 0,
      "9": 0,
      "10": 0,
      "11": 0,
      "12": 0,
      "13": 0,
      "14": 0,
      "15": 0,
      "16": 0,
      "17": 0,
      "18": 0,
      "19": 0,
      "20": 0,
      "21": 0,
      "22": 0,
      "23": 0,
      "24": 0,
      "25": 0
    },
    "b": {
      "0": [
        0,
        0
      ],
      "1": [
        0,
        0
      ],
      "2": [
        0,
        0
      ],
      "3": [
        0,
        0
      ],
      "4": [
        0,
        0
      ],
      "5": [
        0,
        0
      ],
      "6": [
        0,
        0
      ],
      "7": [
        0,
        0
      ],
      "8": [
        0,
        0
      ],
      "9": [
        0,
        0
      ],
      "10": [
        0,
        0
      ],
      "11": [
        0,
        0
      ]
    },
    "_coverageSchema": "1a1c01bbd47fc00a2c39e90264f33305004495a9",
    "hash": "1353f9a3b7cab64019ac5e818043e6fc77288c2a"
  },
  "C:\\Users\\aslag\\Desktop\\Capstone\\Neapolitan\\client\\src\\components\\OtherReporting.js": {
    "path": "C:\\Users\\aslag\\Desktop\\Capstone\\Neapolitan\\client\\src\\components\\OtherReporting.js",
    "statementMap": {
      "0": {
        "start": {
          "line": 1,
          "column": 23
        },
        "end": {
          "line": 7,
          "column": 1
        }
      },
      "1": {
        "start": {
          "line": 2,
          "column": 2
        },
        "end": {
          "line": 6,
          "column": 4
        }
      }
    },
    "fnMap": {
      "0": {
        "name": "(anonymous_0)",
        "decl": {
          "start": {
            "line": 1,
            "column": 23
          },
          "end": {
            "line": 1,
            "column": 24
          }
        },
        "loc": {
          "start": {
            "line": 1,
            "column": 29
          },
          "end": {
            "line": 7,
            "column": 1
          }
        },
        "line": 1
      }
    },
    "branchMap": {},
    "s": {
      "0": 15,
      "1": 1
    },
    "f": {
      "0": 1
    },
    "b": {},
    "_coverageSchema": "1a1c01bbd47fc00a2c39e90264f33305004495a9",
    "hash": "f7df8037ebcdf6f5ffe9ef7b61701f1a896c4db4"
  },
  "C:\\Users\\aslag\\Desktop\\Capstone\\Neapolitan\\client\\src\\components\\Home.js": {
    "path": "C:\\Users\\aslag\\Desktop\\Capstone\\Neapolitan\\client\\src\\components\\Home.js",
    "statementMap": {
      "0": {
        "start": {
          "line": 1,
          "column": 13
        },
        "end": {
          "line": 7,
          "column": 1
        }
      },
      "1": {
        "start": {
          "line": 2,
          "column": 2
        },
        "end": {
          "line": 6,
          "column": 4
        }
      }
    },
    "fnMap": {
      "0": {
        "name": "(anonymous_0)",
        "decl": {
          "start": {
            "line": 1,
            "column": 13
          },
          "end": {
            "line": 1,
            "column": 14
          }
        },
        "loc": {
          "start": {
            "line": 1,
            "column": 19
          },
          "end": {
            "line": 7,
            "column": 1
          }
        },
        "line": 1
      }
    },
    "branchMap": {},
    "s": {
      "0": 15,
      "1": 13
    },
    "f": {
      "0": 13
    },
    "b": {},
    "_coverageSchema": "1a1c01bbd47fc00a2c39e90264f33305004495a9",
    "hash": "0871c8ab607771e7ac01a81e974ada896986eeec"
  },
  "C:\\Users\\aslag\\Desktop\\Capstone\\Neapolitan\\client\\src\\components\\ReportingSubmenu.js": {
    "path": "C:\\Users\\aslag\\Desktop\\Capstone\\Neapolitan\\client\\src\\components\\ReportingSubmenu.js",
    "statementMap": {
      "0": {
        "start": {
          "line": 5,
          "column": 2
        },
        "end": {
          "line": 24,
          "column": 4
        }
      },
      "1": {
        "start": {
          "line": 10,
          "column": 40
        },
        "end": {
          "line": 10,
          "column": 83
        }
      },
      "2": {
        "start": {
          "line": 17,
          "column": 40
        },
        "end": {
          "line": 17,
          "column": 83
        }
      }
    },
    "fnMap": {
      "0": {
        "name": "ReportingSubmenu",
        "decl": {
          "start": {
            "line": 4,
            "column": 24
          },
          "end": {
            "line": 4,
            "column": 40
          }
        },
        "loc": {
          "start": {
            "line": 4,
            "column": 43
          },
          "end": {
            "line": 25,
            "column": 1
          }
        },
        "line": 4
      },
      "1": {
        "name": "(anonymous_1)",
        "decl": {
          "start": {
            "line": 10,
            "column": 21
          },
          "end": {
            "line": 10,
            "column": 22
          }
        },
        "loc": {
          "start": {
            "line": 10,
            "column": 40
          },
          "end": {
            "line": 10,
            "column": 83
          }
        },
        "line": 10
      },
      "2": {
        "name": "(anonymous_2)",
        "decl": {
          "start": {
            "line": 17,
            "column": 21
          },
          "end": {
            "line": 17,
            "column": 22
          }
        },
        "loc": {
          "start": {
            "line": 17,
            "column": 40
          },
          "end": {
            "line": 17,
            "column": 83
          }
        },
        "line": 17
      }
    },
    "branchMap": {
      "0": {
        "loc": {
          "start": {
            "line": 10,
            "column": 40
          },
          "end": {
            "line": 10,
            "column": 83
          }
        },
        "type": "cond-expr",
        "locations": [
          {
            "start": {
              "line": 10,
              "column": 51
            },
            "end": {
              "line": 10,
              "column": 78
            }
          },
          {
            "start": {
              "line": 10,
              "column": 81
            },
            "end": {
              "line": 10,
              "column": 83
            }
          }
        ],
        "line": 10
      },
      "1": {
        "loc": {
          "start": {
            "line": 17,
            "column": 40
          },
          "end": {
            "line": 17,
            "column": 83
          }
        },
        "type": "cond-expr",
        "locations": [
          {
            "start": {
              "line": 17,
              "column": 51
            },
            "end": {
              "line": 17,
              "column": 78
            }
          },
          {
            "start": {
              "line": 17,
              "column": 81
            },
            "end": {
              "line": 17,
              "column": 83
            }
          }
        ],
        "line": 17
      }
    },
    "s": {
      "0": 1,
      "1": 2,
      "2": 2
    },
    "f": {
      "0": 1,
      "1": 2,
      "2": 2
    },
    "b": {
      "0": [
        0,
        2
      ],
      "1": [
        1,
        1
      ]
    },
    "_coverageSchema": "1a1c01bbd47fc00a2c39e90264f33305004495a9",
    "hash": "62fdebc71796141095533d219d700dadda3d722c"
  },
  "C:\\Users\\aslag\\Desktop\\Capstone\\Neapolitan\\client\\src\\components\\App.js": {
    "path": "C:\\Users\\aslag\\Desktop\\Capstone\\Neapolitan\\client\\src\\components\\App.js",
    "statementMap": {
      "0": {
        "start": {
          "line": 47,
          "column": 2
        },
        "end": {
          "line": 111,
          "column": 4
        }
      }
    },
    "fnMap": {
      "0": {
        "name": "App",
        "decl": {
          "start": {
            "line": 46,
            "column": 9
          },
          "end": {
            "line": 46,
            "column": 12
          }
        },
        "loc": {
          "start": {
            "line": 46,
            "column": 15
          },
          "end": {
            "line": 112,
            "column": 1
          }
        },
        "line": 46
      }
    },
    "branchMap": {},
    "s": {
      "0": 15
    },
    "f": {
      "0": 15
    },
    "b": {},
    "_coverageSchema": "1a1c01bbd47fc00a2c39e90264f33305004495a9",
    "hash": "614e5b5d56716ac40675ec741a94b1794fdfbd4d"
  }
}